<?xml version="1.0" encoding="UTF-8"?>
<!-- Generated by org.testng.reporters.JUnitReportReporter -->
<testsuite hostname="entropy.local" name="org.akubraproject.mux.AbstractMuxConnectionTest" tests="7" failures="0" timestamp="3 Mar 2012 15:53:37 GMT" time="0.019" errors="0">
  <testcase name="testClose" time="0.001" classname="org.akubraproject.mux.AbstractMuxConnectionTest"/>
  <testcase name="testGetBlobURIMapOfStringString" time="0.003" classname="org.akubraproject.mux.AbstractMuxConnectionTest"/>
  <testcase name="testGetStores" time="0.000" classname="org.akubraproject.mux.AbstractMuxConnectionTest"/>
  <testcase name="testListBlobIds" time="0.009" classname="org.akubraproject.mux.AbstractMuxConnectionTest"/>
  <testcase name="testAbstractMuxConnection" time="0.002" classname="org.akubraproject.mux.AbstractMuxConnectionTest"/>
  <testcase name="testGetConnection" time="0.000" classname="org.akubraproject.mux.AbstractMuxConnectionTest"/>
  <testcase name="testMoveTo" time="0.004" classname="org.akubraproject.mux.AbstractMuxConnectionTest"/>
</testsuite> <!-- org.akubraproject.mux.AbstractMuxConnectionTest -->
