<?xml version="1.0" encoding="UTF-8"?>
<!-- Generated by org.testng.reporters.JUnitReportReporter -->
<testsuite hostname="entropy.local" name="org.akubraproject.mux.MuxStoreTCKTest$MuxStoreTestSuite" tests="42" failures="0" timestamp="3 Mar 2012 15:53:37 GMT" time="1.761" errors="0">
  <testcase name="testOutputStream" time="0.232" classname="org.akubraproject.mux.MuxStoreTCKTest$MuxStoreTestSuite"/>
  <testcase name="testOpenConnectionNoTransaction" time="0.000" classname="org.akubraproject.mux.MuxStoreTCKTest$MuxStoreTestSuite"/>
  <testcase name="testListBlobs" time="0.006" classname="org.akubraproject.mux.MuxStoreTCKTest$MuxStoreTestSuite"/>
  <testcase name="testMoveTo" time="0.191" classname="org.akubraproject.mux.MuxStoreTCKTest$MuxStoreTestSuite"/>
  <testcase name="testClosedConnection" time="0.052" classname="org.akubraproject.mux.MuxStoreTCKTest$MuxStoreTestSuite"/>
  <testcase name="testIdGeneration" time="0.003" classname="org.akubraproject.mux.MuxStoreTCKTest$MuxStoreTestSuite"/>
  <testcase name="testIdValidation" time="0.001" classname="org.akubraproject.mux.MuxStoreTCKTest$MuxStoreTestSuite"/>
  <testcase name="testOpenConnectionWithTransaction" time="0.000" classname="org.akubraproject.mux.MuxStoreTCKTest$MuxStoreTestSuite"/>
  <testcase name="testBasicCommit" time="0.000" classname="org.akubraproject.mux.MuxStoreTCKTest$MuxStoreTestSuite"/>
  <testcase name="testBlobUpdate" time="0.006" classname="org.akubraproject.mux.MuxStoreTCKTest$MuxStoreTestSuite"/>
  <testcase name="testOutputStream" time="0.005" classname="org.akubraproject.mux.MuxStoreTCKTest$MuxStoreTestSuite"/>
  <testcase name="testNonExistentBlob" time="0.062" classname="org.akubraproject.mux.MuxStoreTCKTest$MuxStoreTestSuite"/>
  <testcase name="testCloseConnection" time="0.110" classname="org.akubraproject.mux.MuxStoreTCKTest$MuxStoreTestSuite"/>
  <testcase name="testIdValidation" time="0.032" classname="org.akubraproject.mux.MuxStoreTCKTest$MuxStoreTestSuite"/>
  <testcase name="testIdGeneration" time="0.000" classname="org.akubraproject.mux.MuxStoreTCKTest$MuxStoreTestSuite"/>
  <testcase name="testBlobUpdate" time="0.069" classname="org.akubraproject.mux.MuxStoreTCKTest$MuxStoreTestSuite"/>
  <testcase name="testInputStream" time="0.041" classname="org.akubraproject.mux.MuxStoreTCKTest$MuxStoreTestSuite"/>
  <testcase name="testClosedConnection" time="0.009" classname="org.akubraproject.mux.MuxStoreTCKTest$MuxStoreTestSuite"/>
  <testcase name="testGetId" time="0.000" classname="org.akubraproject.mux.MuxStoreTCKTest$MuxStoreTestSuite"/>
  <testcase name="testOpenConnectionNoTransaction" time="0.001" classname="org.akubraproject.mux.MuxStoreTCKTest$MuxStoreTestSuite"/>
  <testcase name="testInputStream" time="0.002" classname="org.akubraproject.mux.MuxStoreTCKTest$MuxStoreTestSuite"/>
  <testcase name="testBasicRollback" time="0.000" classname="org.akubraproject.mux.MuxStoreTCKTest$MuxStoreTestSuite"/>
  <testcase name="testBlobFromStream" time="0.004" classname="org.akubraproject.mux.MuxStoreTCKTest$MuxStoreTestSuite"/>
  <testcase name="testInit" time="0.001" classname="org.akubraproject.mux.MuxStoreTCKTest$MuxStoreTestSuite"/>
  <testcase name="testBlobFromStream" time="0.008" classname="org.akubraproject.mux.MuxStoreTCKTest$MuxStoreTestSuite"/>
  <testcase name="testCanonicalId" time="0.002" classname="org.akubraproject.mux.MuxStoreTCKTest$MuxStoreTestSuite"/>
  <testcase name="testInit" time="0.000" classname="org.akubraproject.mux.MuxStoreTCKTest$MuxStoreTestSuite"/>
  <testcase name="testOpenConnectionWithTransaction" time="0.000" classname="org.akubraproject.mux.MuxStoreTCKTest$MuxStoreTestSuite"/>
  <testcase name="testSync" time="0.074" classname="org.akubraproject.mux.MuxStoreTCKTest$MuxStoreTestSuite"/>
  <testcase name="testCleanup" time="0.017" classname="org.akubraproject.mux.MuxStoreTCKTest$MuxStoreTestSuite"/>
  <testcase name="testDelete" time="0.036" classname="org.akubraproject.mux.MuxStoreTCKTest$MuxStoreTestSuite"/>
  <testcase name="testCloseConnection" time="0.004" classname="org.akubraproject.mux.MuxStoreTCKTest$MuxStoreTestSuite"/>
  <testcase name="testListBlobs" time="0.203" classname="org.akubraproject.mux.MuxStoreTCKTest$MuxStoreTestSuite"/>
  <testcase name="testGetId" time="0.000" classname="org.akubraproject.mux.MuxStoreTCKTest$MuxStoreTestSuite"/>
  <testcase name="testSync" time="0.004" classname="org.akubraproject.mux.MuxStoreTCKTest$MuxStoreTestSuite"/>
  <testcase name="testMoveTo" time="0.008" classname="org.akubraproject.mux.MuxStoreTCKTest$MuxStoreTestSuite"/>
  <testcase name="testBasicRollback" time="0.148" classname="org.akubraproject.mux.MuxStoreTCKTest$MuxStoreTestSuite"/>
  <testcase name="testCanonicalId" time="0.006" classname="org.akubraproject.mux.MuxStoreTCKTest$MuxStoreTestSuite"/>
  <testcase name="testNonExistentBlob" time="0.002" classname="org.akubraproject.mux.MuxStoreTCKTest$MuxStoreTestSuite"/>
  <testcase name="testCleanup" time="0.001" classname="org.akubraproject.mux.MuxStoreTCKTest$MuxStoreTestSuite"/>
  <testcase name="testDelete" time="0.001" classname="org.akubraproject.mux.MuxStoreTCKTest$MuxStoreTestSuite"/>
  <testcase name="testBasicCommit" time="0.420" classname="org.akubraproject.mux.MuxStoreTCKTest$MuxStoreTestSuite"/>
</testsuite> <!-- org.akubraproject.mux.MuxStoreTCKTest$MuxStoreTestSuite -->
