<?xml version="1.0" encoding="UTF-8"?>
<!-- Generated by org.testng.reporters.JUnitReportReporter -->
<testsuite hostname="entropy.local" name="org.akubraproject.mux.AbstractMuxStoreTest" tests="2" failures="0" timestamp="3 Mar 2012 15:53:37 GMT" time="0.001" errors="0">
  <testcase name="testAbstractMuxStore" time="0.001" classname="org.akubraproject.mux.AbstractMuxStoreTest"/>
  <testcase name="testBackingStores" time="0.000" classname="org.akubraproject.mux.AbstractMuxStoreTest"/>
</testsuite> <!-- org.akubraproject.mux.AbstractMuxStoreTest -->
