<?xml version="1.0" encoding="UTF-8"?>
<!-- Generated by org.testng.reporters.JUnitReportReporter -->
<testsuite hostname="entropy.local" name="org.akubraproject.map.IdMappingBlobStoreTCKTest" tests="21" failures="0" timestamp="3 Mar 2012 15:52:26 GMT" time="0.066" errors="0">
  <testcase name="testBasicCommit" time="0.000" classname="org.akubraproject.map.IdMappingBlobStoreTCKTest"/>
  <testcase name="testBlobFromStream" time="0.004" classname="org.akubraproject.map.IdMappingBlobStoreTCKTest"/>
  <testcase name="testNonExistentBlob" time="0.002" classname="org.akubraproject.map.IdMappingBlobStoreTCKTest"/>
  <testcase name="testCloseConnection" time="0.002" classname="org.akubraproject.map.IdMappingBlobStoreTCKTest"/>
  <testcase name="testInputStream" time="0.002" classname="org.akubraproject.map.IdMappingBlobStoreTCKTest"/>
  <testcase name="testOutputStream" time="0.004" classname="org.akubraproject.map.IdMappingBlobStoreTCKTest"/>
  <testcase name="testSync" time="0.004" classname="org.akubraproject.map.IdMappingBlobStoreTCKTest"/>
  <testcase name="testOpenConnectionWithTransaction" time="0.020" classname="org.akubraproject.map.IdMappingBlobStoreTCKTest"/>
  <testcase name="testDelete" time="0.001" classname="org.akubraproject.map.IdMappingBlobStoreTCKTest"/>
  <testcase name="testListBlobs" time="0.006" classname="org.akubraproject.map.IdMappingBlobStoreTCKTest"/>
  <testcase name="testGetId" time="0.000" classname="org.akubraproject.map.IdMappingBlobStoreTCKTest"/>
  <testcase name="testCleanup" time="0.000" classname="org.akubraproject.map.IdMappingBlobStoreTCKTest"/>
  <testcase name="testOpenConnectionNoTransaction" time="0.000" classname="org.akubraproject.map.IdMappingBlobStoreTCKTest"/>
  <testcase name="testBasicRollback" time="0.000" classname="org.akubraproject.map.IdMappingBlobStoreTCKTest"/>
  <testcase name="testInit" time="0.000" classname="org.akubraproject.map.IdMappingBlobStoreTCKTest"/>
  <testcase name="testIdGeneration" time="0.001" classname="org.akubraproject.map.IdMappingBlobStoreTCKTest"/>
  <testcase name="testMoveTo" time="0.007" classname="org.akubraproject.map.IdMappingBlobStoreTCKTest"/>
  <testcase name="testIdValidation" time="0.000" classname="org.akubraproject.map.IdMappingBlobStoreTCKTest"/>
  <testcase name="testBlobUpdate" time="0.004" classname="org.akubraproject.map.IdMappingBlobStoreTCKTest"/>
  <testcase name="testClosedConnection" time="0.008" classname="org.akubraproject.map.IdMappingBlobStoreTCKTest"/>
  <testcase name="testCanonicalId" time="0.001" classname="org.akubraproject.map.IdMappingBlobStoreTCKTest"/>
</testsuite> <!-- org.akubraproject.map.IdMappingBlobStoreTCKTest -->
