<?xml version="1.0" encoding="UTF-8"?>
<!-- Generated by org.testng.reporters.JUnitReportReporter -->
<testsuite hostname="entropy.local" name="org.akubraproject.map.IdMappingBlobStoreConnectionTest" tests="2" failures="0" timestamp="3 Mar 2012 15:52:26 GMT" time="0.030" errors="0">
  <testcase name="testListBlobsPrefixNotMappable" time="0.003" classname="org.akubraproject.map.IdMappingBlobStoreConnectionTest"/>
  <testcase name="testListBlobsPrefixMappable" time="0.027" classname="org.akubraproject.map.IdMappingBlobStoreConnectionTest"/>
</testsuite> <!-- org.akubraproject.map.IdMappingBlobStoreConnectionTest -->
