<?xml version="1.0" encoding="UTF-8"?>
<!-- Generated by org.testng.reporters.JUnitReportReporter -->
<testsuite hostname="entropy.local" name="org.akubraproject.map.IdMappingBlobTest" tests="2" failures="0" timestamp="3 Mar 2012 15:52:26 GMT" time="0.002" errors="0">
  <testcase name="testGetCanonicalIdNull" time="0.001" classname="org.akubraproject.map.IdMappingBlobTest"/>
  <testcase name="testGetCanonicalIdNotNull" time="0.001" classname="org.akubraproject.map.IdMappingBlobTest"/>
</testsuite> <!-- org.akubraproject.map.IdMappingBlobTest -->
