<?xml version="1.0" encoding="UTF-8"?>
<!-- Generated by org.testng.reporters.JUnitReportReporter -->
<testsuite hostname="entropy.local" name="org.akubraproject.www.WWWTCKTest" tests="21" failures="0" timestamp="3 Mar 2012 15:55:24 GMT" time="0.133" errors="0">
  <testcase name="testBlobFromStream" time="0.002" classname="org.akubraproject.www.WWWTCKTest"/>
  <testcase name="testIdValidation" time="0.008" classname="org.akubraproject.www.WWWTCKTest"/>
  <testcase name="testDelete" time="0.006" classname="org.akubraproject.www.WWWTCKTest"/>
  <testcase name="testGetId" time="0.003" classname="org.akubraproject.www.WWWTCKTest"/>
  <testcase name="testInputStream" time="0.005" classname="org.akubraproject.www.WWWTCKTest"/>
  <testcase name="testMoveTo" time="0.001" classname="org.akubraproject.www.WWWTCKTest"/>
  <testcase name="testCanonicalId" time="0.001" classname="org.akubraproject.www.WWWTCKTest"/>
  <testcase name="testBasicCommit" time="0.000" classname="org.akubraproject.www.WWWTCKTest"/>
  <testcase name="testBasicRollback" time="0.000" classname="org.akubraproject.www.WWWTCKTest"/>
  <testcase name="testOpenConnectionNoTransaction" time="0.001" classname="org.akubraproject.www.WWWTCKTest"/>
  <testcase name="testOutputStream" time="0.037" classname="org.akubraproject.www.WWWTCKTest"/>
  <testcase name="testListBlobs" time="0.001" classname="org.akubraproject.www.WWWTCKTest"/>
  <testcase name="testInit" time="0.000" classname="org.akubraproject.www.WWWTCKTest"/>
  <testcase name="testOpenConnectionWithTransaction" time="0.019" classname="org.akubraproject.www.WWWTCKTest"/>
  <testcase name="testSync" time="0.001" classname="org.akubraproject.www.WWWTCKTest"/>
  <testcase name="testCloseConnection" time="0.005" classname="org.akubraproject.www.WWWTCKTest"/>
  <testcase name="testCleanup" time="0.000" classname="org.akubraproject.www.WWWTCKTest"/>
  <testcase name="testNonExistentBlob" time="0.003" classname="org.akubraproject.www.WWWTCKTest"/>
  <testcase name="testClosedConnection" time="0.016" classname="org.akubraproject.www.WWWTCKTest"/>
  <testcase name="testBlobUpdate" time="0.022" classname="org.akubraproject.www.WWWTCKTest"/>
  <testcase name="testIdGeneration" time="0.002" classname="org.akubraproject.www.WWWTCKTest"/>
</testsuite> <!-- org.akubraproject.www.WWWTCKTest -->
