<?xml version="1.0" encoding="UTF-8"?>
<!-- Generated by org.testng.reporters.JUnitReportReporter -->
<testsuite hostname="entropy.local" name="org.akubraproject.www.WWWStoreTest" tests="1" failures="0" timestamp="3 Mar 2012 15:55:24 GMT" time="0.000" errors="0">
  <testcase name="testGetId" time="0.000" classname="org.akubraproject.www.WWWStoreTest"/>
</testsuite> <!-- org.akubraproject.www.WWWStoreTest -->
