<?xml version="1.0" encoding="UTF-8"?>
<!-- Generated by org.testng.reporters.JUnitReportReporter -->
<testsuite hostname="entropy.local" name="org.akubraproject.www.WWWConnectionTest" tests="4" failures="0" timestamp="3 Mar 2012 15:55:24 GMT" time="0.001" errors="0">
  <testcase name="testClose" time="0.001" classname="org.akubraproject.www.WWWConnectionTest"/>
  <testcase name="testListBlobIds" time="0.000" classname="org.akubraproject.www.WWWConnectionTest"/>
  <testcase name="testGetBlob" time="0.000" classname="org.akubraproject.www.WWWConnectionTest"/>
  <testcase name="testGetBlobStore" time="0.000" classname="org.akubraproject.www.WWWConnectionTest"/>
</testsuite> <!-- org.akubraproject.www.WWWConnectionTest -->
