<?xml version="1.0" encoding="UTF-8"?>
<!-- Generated by org.testng.reporters.JUnitReportReporter -->
<testsuite hostname="entropy.local" name="org.akubraproject.www.WWWBlobTest" tests="6" failures="0" timestamp="3 Mar 2012 15:55:24 GMT" time="0.368" errors="0">
  <testcase name="testGetId" time="0.001" classname="org.akubraproject.www.WWWBlobTest"/>
  <testcase name="testGetConnection" time="0.000" classname="org.akubraproject.www.WWWBlobTest"/>
  <testcase name="testOpenOutputStream" time="0.091" classname="org.akubraproject.www.WWWBlobTest"/>
  <testcase name="testGetSize" time="0.001" classname="org.akubraproject.www.WWWBlobTest"/>
  <testcase name="testOpenInputStream" time="0.275" classname="org.akubraproject.www.WWWBlobTest"/>
  <testcase name="testWWWBlob" time="0.000" classname="org.akubraproject.www.WWWBlobTest"/>
</testsuite> <!-- org.akubraproject.www.WWWBlobTest -->
