<?xml version="1.0" encoding="UTF-8" ?>
<testsuite failures="0" time="15.313" errors="0" skipped="0" tests="151" name="TestSuite">
  <properties>
    <property name="java.runtime.name" value="Java(TM) SE Runtime Environment"/>
    <property name="sun.boot.library.path" value="/System/Library/Java/JavaVirtualMachines/1.6.0.jdk/Contents/Libraries"/>
    <property name="java.vm.version" value="20.4-b02-402"/>
    <property name="awt.nativeDoubleBuffering" value="true"/>
    <property name="gopherProxySet" value="false"/>
    <property name="mrj.build" value="11M3527"/>
    <property name="java.vm.vendor" value="Apple Inc."/>
    <property name="java.vendor.url" value="http://www.apple.com/"/>
    <property name="path.separator" value=":"/>
    <property name="java.vm.name" value="Java HotSpot(TM) 64-Bit Server VM"/>
    <property name="file.encoding.pkg" value="sun.io"/>
    <property name="bitronix.tm.disableJmx" value="true"/>
    <property name="user.country" value="US"/>
    <property name="sun.java.launcher" value="SUN_STANDARD"/>
    <property name="sun.os.patch.level" value="unknown"/>
    <property name="java.vm.specification.name" value="Java Virtual Machine Specification"/>
    <property name="user.dir" value="/Users/cwilper/work/gh/akubra/akubra/akubra-rmi"/>
    <property name="java.runtime.version" value="1.6.0_29-b11-402-11M3527"/>
    <property name="java.awt.graphicsenv" value="apple.awt.CGraphicsEnvironment"/>
    <property name="basedir" value="/Users/cwilper/work/gh/akubra/akubra/akubra-rmi"/>
    <property name="java.endorsed.dirs" value="/System/Library/Java/JavaVirtualMachines/1.6.0.jdk/Contents/Home/lib/endorsed"/>
    <property name="os.arch" value="x86_64"/>
    <property name="surefire.real.class.path" value="/var/folders/q2/pzv29wsd2h3dpjk6pp9_xnt00000gn/T/surefirebooter2695192631016492526.jar"/>
    <property name="java.io.tmpdir" value="/var/folders/q2/pzv29wsd2h3dpjk6pp9_xnt00000gn/T/"/>
    <property name="line.separator" value="
"/>
    <property name="java.vm.specification.vendor" value="Sun Microsystems Inc."/>
    <property name="os.name" value="Mac OS X"/>
    <property name="sun.jnu.encoding" value="MacRoman"/>
    <property name="java.library.path" value=".:/Library/Java/Extensions:/System/Library/Java/Extensions:/usr/lib/java"/>
    <property name="surefire.test.class.path" value="/Users/cwilper/work/gh/akubra/akubra/akubra-rmi/target/test-classes:/Users/cwilper/work/gh/akubra/akubra/akubra-rmi/target/generated-classes/cobertura:/Users/cwilper/.m2/repository/commons-io/commons-io/2.1/commons-io-2.1.jar:/Users/cwilper/.m2/repository/org/akubraproject/akubra-core/0.4.0/akubra-core-0.4.0.jar:/Users/cwilper/.m2/repository/javax/transaction/jta/1.1/jta-1.1.jar:/Users/cwilper/.m2/repository/org/slf4j/slf4j-api/1.6.4/slf4j-api-1.6.4.jar:/Users/cwilper/.m2/repository/org/akubraproject/akubra-mem/0.4.0/akubra-mem-0.4.0.jar:/Users/cwilper/.m2/repository/com/google/guava/guava-collections/r03/guava-collections-r03.jar:/Users/cwilper/.m2/repository/com/google/guava/guava-annotations/r03/guava-annotations-r03.jar:/Users/cwilper/.m2/repository/com/google/guava/guava-primitives/r03/guava-primitives-r03.jar:/Users/cwilper/.m2/repository/com/google/guava/guava-base/r03/guava-base-r03.jar:/Users/cwilper/.m2/repository/org/akubraproject/akubra-tck/0.4.0/akubra-tck-0.4.0.jar:/Users/cwilper/.m2/repository/org/codehaus/btm/btm/2.1.2/btm-2.1.2.jar:/Users/cwilper/.m2/repository/org/testng/testng/6.4/testng-6.4.jar:/Users/cwilper/.m2/repository/junit/junit/3.8.1/junit-3.8.1.jar:/Users/cwilper/.m2/repository/org/beanshell/bsh/2.0b4/bsh-2.0b4.jar:/Users/cwilper/.m2/repository/com/beust/jcommander/1.12/jcommander-1.12.jar:/Users/cwilper/.m2/repository/org/yaml/snakeyaml/1.6/snakeyaml-1.6.jar:/Users/cwilper/.m2/repository/org/akubraproject/akubra-txn/0.4.0/akubra-txn-0.4.0.jar:/Users/cwilper/.m2/repository/org/apache/derby/derby/10.8.2.2/derby-10.8.2.2.jar:/Users/cwilper/.m2/repository/ch/qos/logback/logback-classic/1.0.0/logback-classic-1.0.0.jar:/Users/cwilper/.m2/repository/ch/qos/logback/logback-core/1.0.0/logback-core-1.0.0.jar:/Users/cwilper/.m2/repository/com/googlecode/thread-weaver/threadweaver/0.1/threadweaver-0.1.jar:/Users/cwilper/.m2/repository/javassist/javassist/3.10.0.GA/javassist-3.10.0.GA.jar:/Users/cwilper/.m2/repository/org/objenesis/objenesis/1.2/objenesis-1.2.jar:/Users/cwilper/.m2/repository/cglib/cglib/2.2/cglib-2.2.jar:/Users/cwilper/.m2/repository/asm/asm/3.1/asm-3.1.jar:/Users/cwilper/.m2/repository/org/easymock/easymock/3.1/easymock-3.1.jar:/Users/cwilper/.m2/repository/cglib/cglib-nodep/2.2.2/cglib-nodep-2.2.2.jar:/Users/cwilper/.m2/repository/org/easymock/easymockclassextension/2.5.2/easymockclassextension-2.5.2.jar:/Users/cwilper/.m2/repository/net/sourceforge/cobertura/cobertura/1.9.4.1/cobertura-1.9.4.1.jar:/Users/cwilper/.m2/repository/org/apache/ant/ant/1.7.0/ant-1.7.0.jar:/Users/cwilper/.m2/repository/org/apache/ant/ant-launcher/1.7.0/ant-launcher-1.7.0.jar:"/>
    <property name="bitronix.tm.timer.gracefulShutdownInterval" value="10"/>
    <property name="java.specification.name" value="Java Platform API Specification"/>
    <property name="java.class.version" value="50.0"/>
    <property name="sun.management.compiler" value="HotSpot 64-Bit Tiered Compilers"/>
    <property name="os.version" value="10.7.3"/>
    <property name="http.nonProxyHosts" value="local|*.local|169.254/16|*.169.254/16"/>
    <property name="user.home" value="/Users/cwilper"/>
    <property name="user.timezone" value="America/New_York"/>
    <property name="java.awt.printerjob" value="apple.awt.CPrinterJob"/>
    <property name="java.specification.version" value="1.6"/>
    <property name="file.encoding" value="MacRoman"/>
    <property name="user.name" value="cwilper"/>
    <property name="java.class.path" value="/Users/cwilper/work/gh/akubra/akubra/akubra-rmi/target/test-classes:/Users/cwilper/work/gh/akubra/akubra/akubra-rmi/target/generated-classes/cobertura:/Users/cwilper/.m2/repository/commons-io/commons-io/2.1/commons-io-2.1.jar:/Users/cwilper/.m2/repository/org/akubraproject/akubra-core/0.4.0/akubra-core-0.4.0.jar:/Users/cwilper/.m2/repository/javax/transaction/jta/1.1/jta-1.1.jar:/Users/cwilper/.m2/repository/org/slf4j/slf4j-api/1.6.4/slf4j-api-1.6.4.jar:/Users/cwilper/.m2/repository/org/akubraproject/akubra-mem/0.4.0/akubra-mem-0.4.0.jar:/Users/cwilper/.m2/repository/com/google/guava/guava-collections/r03/guava-collections-r03.jar:/Users/cwilper/.m2/repository/com/google/guava/guava-annotations/r03/guava-annotations-r03.jar:/Users/cwilper/.m2/repository/com/google/guava/guava-primitives/r03/guava-primitives-r03.jar:/Users/cwilper/.m2/repository/com/google/guava/guava-base/r03/guava-base-r03.jar:/Users/cwilper/.m2/repository/org/akubraproject/akubra-tck/0.4.0/akubra-tck-0.4.0.jar:/Users/cwilper/.m2/repository/org/codehaus/btm/btm/2.1.2/btm-2.1.2.jar:/Users/cwilper/.m2/repository/org/testng/testng/6.4/testng-6.4.jar:/Users/cwilper/.m2/repository/junit/junit/3.8.1/junit-3.8.1.jar:/Users/cwilper/.m2/repository/org/beanshell/bsh/2.0b4/bsh-2.0b4.jar:/Users/cwilper/.m2/repository/com/beust/jcommander/1.12/jcommander-1.12.jar:/Users/cwilper/.m2/repository/org/yaml/snakeyaml/1.6/snakeyaml-1.6.jar:/Users/cwilper/.m2/repository/org/akubraproject/akubra-txn/0.4.0/akubra-txn-0.4.0.jar:/Users/cwilper/.m2/repository/org/apache/derby/derby/10.8.2.2/derby-10.8.2.2.jar:/Users/cwilper/.m2/repository/ch/qos/logback/logback-classic/1.0.0/logback-classic-1.0.0.jar:/Users/cwilper/.m2/repository/ch/qos/logback/logback-core/1.0.0/logback-core-1.0.0.jar:/Users/cwilper/.m2/repository/com/googlecode/thread-weaver/threadweaver/0.1/threadweaver-0.1.jar:/Users/cwilper/.m2/repository/javassist/javassist/3.10.0.GA/javassist-3.10.0.GA.jar:/Users/cwilper/.m2/repository/org/objenesis/objenesis/1.2/objenesis-1.2.jar:/Users/cwilper/.m2/repository/cglib/cglib/2.2/cglib-2.2.jar:/Users/cwilper/.m2/repository/asm/asm/3.1/asm-3.1.jar:/Users/cwilper/.m2/repository/org/easymock/easymock/3.1/easymock-3.1.jar:/Users/cwilper/.m2/repository/cglib/cglib-nodep/2.2.2/cglib-nodep-2.2.2.jar:/Users/cwilper/.m2/repository/org/easymock/easymockclassextension/2.5.2/easymockclassextension-2.5.2.jar:/Users/cwilper/.m2/repository/net/sourceforge/cobertura/cobertura/1.9.4.1/cobertura-1.9.4.1.jar:/Users/cwilper/.m2/repository/org/apache/ant/ant/1.7.0/ant-1.7.0.jar:/Users/cwilper/.m2/repository/org/apache/ant/ant-launcher/1.7.0/ant-launcher-1.7.0.jar:"/>
    <property name="java.vm.specification.version" value="1.0"/>
    <property name="sun.arch.data.model" value="64"/>
    <property name="java.home" value="/System/Library/Java/JavaVirtualMachines/1.6.0.jdk/Contents/Home"/>
    <property name="sun.java.command" value="/var/folders/q2/pzv29wsd2h3dpjk6pp9_xnt00000gn/T/surefirebooter2695192631016492526.jar /var/folders/q2/pzv29wsd2h3dpjk6pp9_xnt00000gn/T/surefire7616017463152908471tmp /var/folders/q2/pzv29wsd2h3dpjk6pp9_xnt00000gn/T/surefire7549283911121844286tmp"/>
    <property name="java.specification.vendor" value="Sun Microsystems Inc."/>
    <property name="user.language" value="en"/>
    <property name="awt.toolkit" value="apple.awt.CToolkit"/>
    <property name="java.vm.info" value="mixed mode"/>
    <property name="java.version" value="1.6.0_29"/>
    <property name="java.ext.dirs" value="/Library/Java/Extensions:/System/Library/Java/Extensions:/System/Library/Java/JavaVirtualMachines/1.6.0.jdk/Contents/Home/lib/ext"/>
    <property name="sun.boot.class.path" value="/System/Library/Java/JavaVirtualMachines/1.6.0.jdk/Contents/Classes/jsfd.jar:/System/Library/Java/JavaVirtualMachines/1.6.0.jdk/Contents/Classes/classes.jar:/System/Library/Frameworks/JavaVM.framework/Frameworks/JavaRuntimeSupport.framework/Resources/Java/JavaRuntimeSupport.jar:/System/Library/Java/JavaVirtualMachines/1.6.0.jdk/Contents/Classes/ui.jar:/System/Library/Java/JavaVirtualMachines/1.6.0.jdk/Contents/Classes/laf.jar:/System/Library/Java/JavaVirtualMachines/1.6.0.jdk/Contents/Classes/sunrsasign.jar:/System/Library/Java/JavaVirtualMachines/1.6.0.jdk/Contents/Classes/jsse.jar:/System/Library/Java/JavaVirtualMachines/1.6.0.jdk/Contents/Classes/jce.jar:/System/Library/Java/JavaVirtualMachines/1.6.0.jdk/Contents/Classes/charsets.jar"/>
    <property name="java.vendor" value="Apple Inc."/>
    <property name="localRepository" value="/Users/cwilper/.m2/repository"/>
    <property name="file.separator" value="/"/>
    <property name="derby.stream.error.file" value="/Users/cwilper/work/gh/akubra/akubra/akubra-rmi/target/derby.log"/>
    <property name="bitronix.tm.serverId" value="akubra-tck-test"/>
    <property name="java.vendor.url.bug" value="http://bugreport.apple.com/"/>
    <property name="sun.cpu.endian" value="little"/>
    <property name="sun.io.unicode.encoding" value="UnicodeLittle"/>
    <property name="mrj.version" value="1070.1.6.0_29-402"/>
    <property name="bitronix.tm.journal" value="null"/>
    <property name="socksNonProxyHosts" value="local|*.local|169.254/16|*.169.254/16"/>
    <property name="ftp.nonProxyHosts" value="local|*.local|169.254/16|*.169.254/16"/>
    <property name="sun.cpu.isalist" value=""/>
  </properties>
  <testcase time="0.007" classname="org.akubraproject.rmi.client.ClientBlobTest" name="testDelete"/>
  <testcase time="0.002" classname="org.akubraproject.rmi.client.ClientBlobTest" name="testExists"/>
  <testcase time="0" classname="org.akubraproject.rmi.client.ClientBlobTest" name="testGetSize"/>
  <testcase time="0.02" classname="org.akubraproject.rmi.client.ClientBlobTest" name="testMoveTo"/>
  <testcase time="0.015" classname="org.akubraproject.rmi.client.ClientBlobTest" name="testOpenInputStream"/>
  <testcase time="0.02" classname="org.akubraproject.rmi.client.ClientBlobTest" name="testOpenOutputStream"/>
  <testcase time="0.001" classname="org.akubraproject.rmi.client.ClientConnectionTest" name="testClose"/>
  <testcase time="0.025" classname="org.akubraproject.rmi.client.ClientConnectionTest" name="testGetBlobInputStreamLongMapOfStringString"/>
  <testcase time="0.007" classname="org.akubraproject.rmi.client.ClientConnectionTest" name="testGetBlobURIMapOfStringString"/>
  <testcase time="0.009" classname="org.akubraproject.rmi.client.ClientConnectionTest" name="testListBlobIds"/>
  <testcase time="0" classname="org.akubraproject.rmi.client.ClientInputStreamTest" name="testClientInputStream"/>
  <testcase time="0.003" classname="org.akubraproject.rmi.client.ClientInputStreamTest" name="testClose"/>
  <testcase time="0.003" classname="org.akubraproject.rmi.client.ClientInputStreamTest" name="testRead"/>
  <testcase time="0.002" classname="org.akubraproject.rmi.client.ClientInputStreamTest" name="testReadByteArray"/>
  <testcase time="0.001" classname="org.akubraproject.rmi.client.ClientInputStreamTest" name="testReadByteArrayIntInt"/>
  <testcase time="0.001" classname="org.akubraproject.rmi.client.ClientInputStreamTest" name="testSkip"/>
  <testcase time="0.002" classname="org.akubraproject.rmi.client.ClientIteratorTest" name="testHasNext"/>
  <testcase time="0.002" classname="org.akubraproject.rmi.client.ClientIteratorTest" name="testNext"/>
  <testcase time="0.001" classname="org.akubraproject.rmi.client.ClientIteratorTest" name="testRemove"/>
  <testcase time="0.013" classname="org.akubraproject.rmi.client.ClientStoreTest" name="testOpenConnection"/>
  <testcase time="0.001" classname="org.akubraproject.rmi.client.ClientSynchronizationTest" name="testAfterCompletion"/>
  <testcase time="0.001" classname="org.akubraproject.rmi.client.ClientSynchronizationTest" name="testBeforeCompletion"/>
  <testcase time="0.001" classname="org.akubraproject.rmi.client.ClientXAResourceTest" name="testCommit"/>
  <testcase time="0" classname="org.akubraproject.rmi.client.ClientXAResourceTest" name="testEnd"/>
  <testcase time="0" classname="org.akubraproject.rmi.client.ClientXAResourceTest" name="testForget"/>
  <testcase time="0" classname="org.akubraproject.rmi.client.ClientXAResourceTest" name="testGetTransactionTimeout"/>
  <testcase time="0" classname="org.akubraproject.rmi.client.ClientXAResourceTest" name="testIsSameRM"/>
  <testcase time="0" classname="org.akubraproject.rmi.client.ClientXAResourceTest" name="testPrepare"/>
  <testcase time="0" classname="org.akubraproject.rmi.client.ClientXAResourceTest" name="testRecover"/>
  <testcase time="0.001" classname="org.akubraproject.rmi.client.ClientXAResourceTest" name="testRollback"/>
  <testcase time="0" classname="org.akubraproject.rmi.client.ClientXAResourceTest" name="testSetTransactionTimeout"/>
  <testcase time="0.001" classname="org.akubraproject.rmi.client.ClientXAResourceTest" name="testStart"/>
  <testcase time="0.011" classname="org.akubraproject.rmi.MemStoreConnectionTest" name="testCASBlob"/>
  <testcase time="0.003" classname="org.akubraproject.rmi.MemStoreConnectionTest" name="testGenerateBlob"/>
  <testcase time="0.026" classname="org.akubraproject.rmi.MemStoreConnectionTest" name="testListBlobIds"/>
  <testcase time="0.025" classname="org.akubraproject.rmi.MemStoreConnectionTest" name="testMove"/>
  <testcase time="0.004" classname="org.akubraproject.rmi.MemStoreConnectionTest" name="testUseAppBlob"/>
  <testcase time="0.004" classname="org.akubraproject.rmi.MemStoreTest" name="testOpenConnectionWithNullTxn"/>
  <testcase time="0.004" classname="org.akubraproject.rmi.MemStoreTest" name="testOpenConnectionWithTxn"/>
  <testcase time="0" classname="org.akubraproject.rmi.server.ServerBlobTest" name="testDelete"/>
  <testcase time="0" classname="org.akubraproject.rmi.server.ServerBlobTest" name="testExists"/>
  <testcase time="0" classname="org.akubraproject.rmi.server.ServerBlobTest" name="testGetId"/>
  <testcase time="0" classname="org.akubraproject.rmi.server.ServerBlobTest" name="testGetSize"/>
  <testcase time="0.001" classname="org.akubraproject.rmi.server.ServerBlobTest" name="testMoveTo"/>
  <testcase time="0.001" classname="org.akubraproject.rmi.server.ServerBlobTest" name="testOpenInputStream"/>
  <testcase time="0" classname="org.akubraproject.rmi.server.ServerBlobTest" name="testOpenOutputStream"/>
  <testcase time="0.001" classname="org.akubraproject.rmi.server.ServerBlobTest" name="testServerBlob"/>
  <testcase time="0" classname="org.akubraproject.rmi.server.ServerInputStreamTest" name="testClose"/>
  <testcase time="0.001" classname="org.akubraproject.rmi.server.ServerInputStreamTest" name="testRead"/>
  <testcase time="0" classname="org.akubraproject.rmi.server.ServerInputStreamTest" name="testReadInt"/>
  <testcase time="0.001" classname="org.akubraproject.rmi.server.ServerInputStreamTest" name="testServerInputStream"/>
  <testcase time="0" classname="org.akubraproject.rmi.server.ServerInputStreamTest" name="testSkip"/>
  <testcase time="0.001" classname="org.akubraproject.rmi.server.ServerInputStreamTest" name="testUnreferenced"/>
  <testcase time="0.001" classname="org.akubraproject.rmi.server.ServerIteratorTest" name="testNext"/>
  <testcase time="0" classname="org.akubraproject.rmi.server.ServerIteratorTest" name="testServerIterator"/>
  <testcase time="0" classname="org.akubraproject.rmi.server.ServerIteratorTest" name="testUnExport"/>
  <testcase time="0.001" classname="org.akubraproject.rmi.server.ServerOutputStreamTest" name="testClose"/>
  <testcase time="0" classname="org.akubraproject.rmi.server.ServerOutputStreamTest" name="testFlush"/>
  <testcase time="0.001" classname="org.akubraproject.rmi.server.ServerOutputStreamTest" name="testServerOutputStream"/>
  <testcase time="0" classname="org.akubraproject.rmi.server.ServerOutputStreamTest" name="testUnreferenced"/>
  <testcase time="0.001" classname="org.akubraproject.rmi.server.ServerOutputStreamTest" name="testWriteByteArray"/>
  <testcase time="0" classname="org.akubraproject.rmi.server.ServerOutputStreamTest" name="testWriteInt"/>
  <testcase time="0" classname="org.akubraproject.rmi.server.ServerOutputStreamTest" name="testWritePartialBuffer"/>
  <testcase time="0" classname="org.akubraproject.rmi.server.ServerSynchronizationTest" name="testAfterCompletion"/>
  <testcase time="0" classname="org.akubraproject.rmi.server.ServerSynchronizationTest" name="testBeforeCompletion"/>
  <testcase time="0" classname="org.akubraproject.rmi.server.ServerSynchronizationTest" name="testServerSynchronization"/>
  <testcase time="0" classname="org.akubraproject.rmi.server.ServerTransactionListenerTest" name="testCommit"/>
  <testcase time="0.002" classname="org.akubraproject.rmi.server.ServerTransactionListenerTest" name="testGetStatus"/>
  <testcase time="0.001" classname="org.akubraproject.rmi.server.ServerTransactionListenerTest" name="testRegisterSynchronization"/>
  <testcase time="0.001" classname="org.akubraproject.rmi.server.ServerTransactionListenerTest" name="testRollback"/>
  <testcase time="0" classname="org.akubraproject.rmi.server.ServerTransactionListenerTest" name="testSetRollbackOnly"/>
  <testcase time="0.002" classname="org.akubraproject.rmi.server.ServerTransactionListenerTest" name="testXAResource"/>
  <testcase time="0.008" classname="org.akubraproject.rmi.ServiceTest" name="testDefault"/>
  <testcase time="0.008" classname="org.akubraproject.rmi.ServiceTest" name="testLookupByUri"/>
  <testcase time="0.009" classname="org.akubraproject.rmi.ServiceTest" name="testWithNameAndAlternatePorts"/>
  <testcase time="0.023" classname="org.akubraproject.rmi.ServiceTest" name="testWithNameAndPort"/>
  <testcase time="0.009" classname="org.akubraproject.rmi.ServiceTest" name="testWithPort"/>
  <testcase time="0" classname="org.akubraproject.rmi.RmiStoreTckTest$RmiStoreTestSuite" name="testGetId"/>
  <testcase time="0" classname="org.akubraproject.rmi.RmiStoreTckTest$RmiStoreTestSuite" name="testInit"/>
  <testcase time="0" classname="org.akubraproject.rmi.RmiStoreTckTest$RmiStoreTestSuite" name="testInit"/>
  <testcase time="0" classname="org.akubraproject.rmi.RmiStoreTckTest$RmiStoreTestSuite" name="testGetId"/>
  <testcase time="0" classname="org.akubraproject.rmi.server.ServerXAResourceTest" name="testPrepare"/>
  <testcase time="0.001" classname="org.akubraproject.rmi.server.ServerXAResourceTest" name="testIsSameRM"/>
  <testcase time="0" classname="org.akubraproject.rmi.server.ServerXAResourceTest" name="testRecover"/>
  <testcase time="0.001" classname="org.akubraproject.rmi.server.ServerXAResourceTest" name="testServerXAResource"/>
  <testcase time="0" classname="org.akubraproject.rmi.server.ServerXAResourceTest" name="testSetTransactionTimeout"/>
  <testcase time="0" classname="org.akubraproject.rmi.server.ServerXAResourceTest" name="testForget"/>
  <testcase time="0" classname="org.akubraproject.rmi.server.ServerXAResourceTest" name="testRollback"/>
  <testcase time="0" classname="org.akubraproject.rmi.server.ServerXAResourceTest" name="testEnd"/>
  <testcase time="0" classname="org.akubraproject.rmi.server.ServerXAResourceTest" name="testCommit"/>
  <testcase time="0" classname="org.akubraproject.rmi.server.ServerXAResourceTest" name="testStart"/>
  <testcase time="0" classname="org.akubraproject.rmi.server.ServerXAResourceTest" name="testGetTransactionTimeout"/>
  <testcase time="0.133" classname="org.akubraproject.rmi.TransactionalStoreTest" name="testOpenConnectionWithTransaction"/>
  <testcase time="0.005" classname="org.akubraproject.rmi.TransactionalStoreTest" name="testOpenConnectionNoTransaction"/>
  <testcase time="0.276" classname="org.akubraproject.rmi.TransactionalStoreTest" name="testBasicCommit"/>
  <testcase time="0.375" classname="org.akubraproject.rmi.TransactionalStoreTest" name="testBasicRollback"/>
  <testcase time="0.001" classname="org.akubraproject.rmi.TransactionalStoreTest" name="testGetId"/>
  <testcase time="7.18" classname="org.akubraproject.rmi.TransactionalStoreTest" name="testMTStress"/>
  <testcase time="0.001" classname="org.akubraproject.rmi.client.ClientOutputStreamTest" name="testClientOutputStream"/>
  <testcase time="0.006" classname="org.akubraproject.rmi.client.ClientOutputStreamTest" name="testWriteByteArrayIntInt"/>
  <testcase time="0.001" classname="org.akubraproject.rmi.client.ClientOutputStreamTest" name="testWriteInt"/>
  <testcase time="0.001" classname="org.akubraproject.rmi.client.ClientOutputStreamTest" name="testWriteByteArray"/>
  <testcase time="0.001" classname="org.akubraproject.rmi.client.ClientOutputStreamTest" name="testFlush"/>
  <testcase time="0.002" classname="org.akubraproject.rmi.client.ClientOutputStreamTest" name="testClose"/>
  <testcase time="0.001" classname="org.akubraproject.rmi.server.ServerStoreTest" name="testServerStore"/>
  <testcase time="0.001" classname="org.akubraproject.rmi.server.ServerStoreTest" name="testOpenConnection"/>
  <testcase time="0.002" classname="org.akubraproject.rmi.server.ServerStoreTest" name="testStartTransaction"/>
  <testcase time="0.001" classname="org.akubraproject.rmi.server.ServerConnectionTest" name="testGetBlobURIMapOfStringString"/>
  <testcase time="0" classname="org.akubraproject.rmi.server.ServerConnectionTest" name="testListBlobIds"/>
  <testcase time="0" classname="org.akubraproject.rmi.server.ServerConnectionTest" name="testServerConnection"/>
  <testcase time="0" classname="org.akubraproject.rmi.server.ServerConnectionTest" name="testClose"/>
  <testcase time="0.005" classname="org.akubraproject.rmi.server.ServerConnectionTest" name="testGetBlobCreator"/>
  <testcase time="0" classname="org.akubraproject.rmi.server.ServerConnectionTest" name="testUnreferenced"/>
  <testcase time="0.354" classname="org.akubraproject.rmi.RmiStoreTckTest$RmiStoreTestSuite" name="testBasicCommit"/>
  <testcase time="0.268" classname="org.akubraproject.rmi.RmiStoreTckTest$RmiStoreTestSuite" name="testBasicRollback"/>
  <testcase time="0.014" classname="org.akubraproject.rmi.RmiStoreTckTest$RmiStoreTestSuite" name="testBlobFromStream"/>
  <testcase time="0.12" classname="org.akubraproject.rmi.RmiStoreTckTest$RmiStoreTestSuite" name="testBlobUpdate"/>
  <testcase time="0.013" classname="org.akubraproject.rmi.RmiStoreTckTest$RmiStoreTestSuite" name="testCanonicalId"/>
  <testcase time="0.195" classname="org.akubraproject.rmi.RmiStoreTckTest$RmiStoreTestSuite" name="testCloseConnection"/>
  <testcase time="0.092" classname="org.akubraproject.rmi.RmiStoreTckTest$RmiStoreTestSuite" name="testClosedConnection"/>
  <testcase time="0.063" classname="org.akubraproject.rmi.RmiStoreTckTest$RmiStoreTestSuite" name="testDelete"/>
  <testcase time="0.011" classname="org.akubraproject.rmi.RmiStoreTckTest$RmiStoreTestSuite" name="testIdGeneration"/>
  <testcase time="0.044" classname="org.akubraproject.rmi.RmiStoreTckTest$RmiStoreTestSuite" name="testIdValidation"/>
  <testcase time="0.061" classname="org.akubraproject.rmi.RmiStoreTckTest$RmiStoreTestSuite" name="testInputStream"/>
  <testcase time="0.361" classname="org.akubraproject.rmi.RmiStoreTckTest$RmiStoreTestSuite" name="testListBlobs"/>
  <testcase time="0.323" classname="org.akubraproject.rmi.RmiStoreTckTest$RmiStoreTestSuite" name="testMoveTo"/>
  <testcase time="0.037" classname="org.akubraproject.rmi.RmiStoreTckTest$RmiStoreTestSuite" name="testNonExistentBlob"/>
  <testcase time="0.002" classname="org.akubraproject.rmi.RmiStoreTckTest$RmiStoreTestSuite" name="testOpenConnectionNoTransaction"/>
  <testcase time="0.009" classname="org.akubraproject.rmi.RmiStoreTckTest$RmiStoreTestSuite" name="testOpenConnectionWithTransaction"/>
  <testcase time="0.428" classname="org.akubraproject.rmi.RmiStoreTckTest$RmiStoreTestSuite" name="testOutputStream"/>
  <testcase time="0.107" classname="org.akubraproject.rmi.RmiStoreTckTest$RmiStoreTestSuite" name="testSync"/>
  <testcase time="0" classname="org.akubraproject.rmi.RmiStoreTckTest$RmiStoreTestSuite" name="testBasicCommit"/>
  <testcase time="0.001" classname="org.akubraproject.rmi.RmiStoreTckTest$RmiStoreTestSuite" name="testBasicRollback"/>
  <testcase time="0.077" classname="org.akubraproject.rmi.RmiStoreTckTest$RmiStoreTestSuite" name="testBlobFromStream"/>
  <testcase time="0.037" classname="org.akubraproject.rmi.RmiStoreTckTest$RmiStoreTestSuite" name="testBlobUpdate"/>
  <testcase time="0.002" classname="org.akubraproject.rmi.RmiStoreTckTest$RmiStoreTestSuite" name="testCanonicalId"/>
  <testcase time="0.012" classname="org.akubraproject.rmi.RmiStoreTckTest$RmiStoreTestSuite" name="testCloseConnection"/>
  <testcase time="0.013" classname="org.akubraproject.rmi.RmiStoreTckTest$RmiStoreTestSuite" name="testDelete"/>
  <testcase time="0.003" classname="org.akubraproject.rmi.RmiStoreTckTest$RmiStoreTestSuite" name="testIdGeneration"/>
  <testcase time="0.009" classname="org.akubraproject.rmi.RmiStoreTckTest$RmiStoreTestSuite" name="testIdValidation"/>
  <testcase time="0.03" classname="org.akubraproject.rmi.RmiStoreTckTest$RmiStoreTestSuite" name="testInputStream"/>
  <testcase time="0.071" classname="org.akubraproject.rmi.RmiStoreTckTest$RmiStoreTestSuite" name="testListBlobs"/>
  <testcase time="0.062" classname="org.akubraproject.rmi.RmiStoreTckTest$RmiStoreTestSuite" name="testMoveTo"/>
  <testcase time="0.006" classname="org.akubraproject.rmi.RmiStoreTckTest$RmiStoreTestSuite" name="testNonExistentBlob"/>
  <testcase time="0.131" classname="org.akubraproject.rmi.RmiStoreTckTest$RmiStoreTestSuite" name="testOutputStream"/>
  <testcase time="0.029" classname="org.akubraproject.rmi.RmiStoreTckTest$RmiStoreTestSuite" name="testSync"/>
  <testcase time="0.016" classname="org.akubraproject.rmi.RmiStoreTckTest$RmiStoreTestSuite" name="testClosedConnection"/>
  <testcase time="0.001" classname="org.akubraproject.rmi.RmiStoreTckTest$RmiStoreTestSuite" name="testOpenConnectionNoTransaction"/>
  <testcase time="0.002" classname="org.akubraproject.rmi.RmiStoreTckTest$RmiStoreTestSuite" name="testOpenConnectionWithTransaction"/>
  <testcase time="0.028" classname="org.akubraproject.rmi.RmiStoreTckTest$RmiStoreTestSuite" name="testCleanup"/>
  <testcase time="0.004" classname="org.akubraproject.rmi.RmiStoreTckTest$RmiStoreTestSuite" name="testCleanup"/>
</testsuite>