<?xml version="1.0" encoding="UTF-8" ?>
<testsuite failures="0" time="11.784" errors="0" skipped="0" tests="26" name="TestSuite">
  <properties>
    <property name="java.runtime.name" value="Java(TM) SE Runtime Environment"/>
    <property name="sun.boot.library.path" value="/System/Library/Java/JavaVirtualMachines/1.6.0.jdk/Contents/Libraries"/>
    <property name="java.vm.version" value="20.4-b02-402"/>
    <property name="awt.nativeDoubleBuffering" value="true"/>
    <property name="gopherProxySet" value="false"/>
    <property name="mrj.build" value="11M3527"/>
    <property name="java.vm.vendor" value="Apple Inc."/>
    <property name="java.vendor.url" value="http://www.apple.com/"/>
    <property name="path.separator" value=":"/>
    <property name="java.vm.name" value="Java HotSpot(TM) 64-Bit Server VM"/>
    <property name="file.encoding.pkg" value="sun.io"/>
    <property name="bitronix.tm.disableJmx" value="true"/>
    <property name="user.country" value="US"/>
    <property name="sun.java.launcher" value="SUN_STANDARD"/>
    <property name="sun.os.patch.level" value="unknown"/>
    <property name="java.vm.specification.name" value="Java Virtual Machine Specification"/>
    <property name="user.dir" value="/Users/cwilper/work/gh/akubra/akubra/akubra-txn"/>
    <property name="java.runtime.version" value="1.6.0_29-b11-402-11M3527"/>
    <property name="java.awt.graphicsenv" value="apple.awt.CGraphicsEnvironment"/>
    <property name="basedir" value="/Users/cwilper/work/gh/akubra/akubra/akubra-txn"/>
    <property name="java.endorsed.dirs" value="/System/Library/Java/JavaVirtualMachines/1.6.0.jdk/Contents/Home/lib/endorsed"/>
    <property name="os.arch" value="x86_64"/>
    <property name="surefire.real.class.path" value="/var/folders/q2/pzv29wsd2h3dpjk6pp9_xnt00000gn/T/surefirebooter1483188538832763371.jar"/>
    <property name="java.io.tmpdir" value="/var/folders/q2/pzv29wsd2h3dpjk6pp9_xnt00000gn/T/"/>
    <property name="line.separator" value="
"/>
    <property name="java.vm.specification.vendor" value="Sun Microsystems Inc."/>
    <property name="os.name" value="Mac OS X"/>
    <property name="sun.jnu.encoding" value="MacRoman"/>
    <property name="java.library.path" value=".:/Library/Java/Extensions:/System/Library/Java/Extensions:/usr/lib/java"/>
    <property name="surefire.test.class.path" value="/Users/cwilper/work/gh/akubra/akubra/akubra-txn/target/test-classes:/Users/cwilper/work/gh/akubra/akubra/akubra-txn/target/generated-classes/cobertura:/Users/cwilper/.m2/repository/com/google/guava/guava-collections/r03/guava-collections-r03.jar:/Users/cwilper/.m2/repository/com/google/guava/guava-annotations/r03/guava-annotations-r03.jar:/Users/cwilper/.m2/repository/com/google/guava/guava-primitives/r03/guava-primitives-r03.jar:/Users/cwilper/.m2/repository/com/google/guava/guava-base/r03/guava-base-r03.jar:/Users/cwilper/.m2/repository/commons-io/commons-io/2.1/commons-io-2.1.jar:/Users/cwilper/.m2/repository/org/akubraproject/akubra-core/0.4.0/akubra-core-0.4.0.jar:/Users/cwilper/.m2/repository/javax/transaction/jta/1.1/jta-1.1.jar:/Users/cwilper/.m2/repository/org/slf4j/slf4j-api/1.6.4/slf4j-api-1.6.4.jar:/Users/cwilper/.m2/repository/org/akubraproject/akubra-mem/0.4.0/akubra-mem-0.4.0.jar:/Users/cwilper/.m2/repository/org/akubraproject/akubra-tck/0.4.0/akubra-tck-0.4.0.jar:/Users/cwilper/.m2/repository/org/codehaus/btm/btm/2.1.2/btm-2.1.2.jar:/Users/cwilper/.m2/repository/org/testng/testng/6.4/testng-6.4.jar:/Users/cwilper/.m2/repository/junit/junit/3.8.1/junit-3.8.1.jar:/Users/cwilper/.m2/repository/org/beanshell/bsh/2.0b4/bsh-2.0b4.jar:/Users/cwilper/.m2/repository/com/beust/jcommander/1.12/jcommander-1.12.jar:/Users/cwilper/.m2/repository/org/yaml/snakeyaml/1.6/snakeyaml-1.6.jar:/Users/cwilper/.m2/repository/org/apache/derby/derby/10.8.2.2/derby-10.8.2.2.jar:/Users/cwilper/.m2/repository/ch/qos/logback/logback-classic/1.0.0/logback-classic-1.0.0.jar:/Users/cwilper/.m2/repository/ch/qos/logback/logback-core/1.0.0/logback-core-1.0.0.jar:/Users/cwilper/.m2/repository/com/googlecode/thread-weaver/threadweaver/0.1/threadweaver-0.1.jar:/Users/cwilper/.m2/repository/javassist/javassist/3.10.0.GA/javassist-3.10.0.GA.jar:/Users/cwilper/.m2/repository/org/objenesis/objenesis/1.2/objenesis-1.2.jar:/Users/cwilper/.m2/repository/cglib/cglib/2.2/cglib-2.2.jar:/Users/cwilper/.m2/repository/asm/asm/3.1/asm-3.1.jar:/Users/cwilper/.m2/repository/org/easymock/easymock/3.1/easymock-3.1.jar:/Users/cwilper/.m2/repository/cglib/cglib-nodep/2.2.2/cglib-nodep-2.2.2.jar:/Users/cwilper/.m2/repository/org/easymock/easymockclassextension/2.5.2/easymockclassextension-2.5.2.jar:/Users/cwilper/.m2/repository/net/sourceforge/cobertura/cobertura/1.9.4.1/cobertura-1.9.4.1.jar:/Users/cwilper/.m2/repository/org/apache/ant/ant/1.7.0/ant-1.7.0.jar:/Users/cwilper/.m2/repository/org/apache/ant/ant-launcher/1.7.0/ant-launcher-1.7.0.jar:"/>
    <property name="bitronix.tm.timer.gracefulShutdownInterval" value="10"/>
    <property name="java.specification.name" value="Java Platform API Specification"/>
    <property name="java.class.version" value="50.0"/>
    <property name="sun.management.compiler" value="HotSpot 64-Bit Tiered Compilers"/>
    <property name="os.version" value="10.7.3"/>
    <property name="http.nonProxyHosts" value="local|*.local|169.254/16|*.169.254/16"/>
    <property name="user.home" value="/Users/cwilper"/>
    <property name="user.timezone" value="America/New_York"/>
    <property name="java.awt.printerjob" value="apple.awt.CPrinterJob"/>
    <property name="java.specification.version" value="1.6"/>
    <property name="file.encoding" value="MacRoman"/>
    <property name="user.name" value="cwilper"/>
    <property name="java.class.path" value="/Users/cwilper/work/gh/akubra/akubra/akubra-txn/target/test-classes:/Users/cwilper/work/gh/akubra/akubra/akubra-txn/target/generated-classes/cobertura:/Users/cwilper/.m2/repository/com/google/guava/guava-collections/r03/guava-collections-r03.jar:/Users/cwilper/.m2/repository/com/google/guava/guava-annotations/r03/guava-annotations-r03.jar:/Users/cwilper/.m2/repository/com/google/guava/guava-primitives/r03/guava-primitives-r03.jar:/Users/cwilper/.m2/repository/com/google/guava/guava-base/r03/guava-base-r03.jar:/Users/cwilper/.m2/repository/commons-io/commons-io/2.1/commons-io-2.1.jar:/Users/cwilper/.m2/repository/org/akubraproject/akubra-core/0.4.0/akubra-core-0.4.0.jar:/Users/cwilper/.m2/repository/javax/transaction/jta/1.1/jta-1.1.jar:/Users/cwilper/.m2/repository/org/slf4j/slf4j-api/1.6.4/slf4j-api-1.6.4.jar:/Users/cwilper/.m2/repository/org/akubraproject/akubra-mem/0.4.0/akubra-mem-0.4.0.jar:/Users/cwilper/.m2/repository/org/akubraproject/akubra-tck/0.4.0/akubra-tck-0.4.0.jar:/Users/cwilper/.m2/repository/org/codehaus/btm/btm/2.1.2/btm-2.1.2.jar:/Users/cwilper/.m2/repository/org/testng/testng/6.4/testng-6.4.jar:/Users/cwilper/.m2/repository/junit/junit/3.8.1/junit-3.8.1.jar:/Users/cwilper/.m2/repository/org/beanshell/bsh/2.0b4/bsh-2.0b4.jar:/Users/cwilper/.m2/repository/com/beust/jcommander/1.12/jcommander-1.12.jar:/Users/cwilper/.m2/repository/org/yaml/snakeyaml/1.6/snakeyaml-1.6.jar:/Users/cwilper/.m2/repository/org/apache/derby/derby/10.8.2.2/derby-10.8.2.2.jar:/Users/cwilper/.m2/repository/ch/qos/logback/logback-classic/1.0.0/logback-classic-1.0.0.jar:/Users/cwilper/.m2/repository/ch/qos/logback/logback-core/1.0.0/logback-core-1.0.0.jar:/Users/cwilper/.m2/repository/com/googlecode/thread-weaver/threadweaver/0.1/threadweaver-0.1.jar:/Users/cwilper/.m2/repository/javassist/javassist/3.10.0.GA/javassist-3.10.0.GA.jar:/Users/cwilper/.m2/repository/org/objenesis/objenesis/1.2/objenesis-1.2.jar:/Users/cwilper/.m2/repository/cglib/cglib/2.2/cglib-2.2.jar:/Users/cwilper/.m2/repository/asm/asm/3.1/asm-3.1.jar:/Users/cwilper/.m2/repository/org/easymock/easymock/3.1/easymock-3.1.jar:/Users/cwilper/.m2/repository/cglib/cglib-nodep/2.2.2/cglib-nodep-2.2.2.jar:/Users/cwilper/.m2/repository/org/easymock/easymockclassextension/2.5.2/easymockclassextension-2.5.2.jar:/Users/cwilper/.m2/repository/net/sourceforge/cobertura/cobertura/1.9.4.1/cobertura-1.9.4.1.jar:/Users/cwilper/.m2/repository/org/apache/ant/ant/1.7.0/ant-1.7.0.jar:/Users/cwilper/.m2/repository/org/apache/ant/ant-launcher/1.7.0/ant-launcher-1.7.0.jar:"/>
    <property name="java.vm.specification.version" value="1.0"/>
    <property name="sun.arch.data.model" value="64"/>
    <property name="java.home" value="/System/Library/Java/JavaVirtualMachines/1.6.0.jdk/Contents/Home"/>
    <property name="sun.java.command" value="/var/folders/q2/pzv29wsd2h3dpjk6pp9_xnt00000gn/T/surefirebooter1483188538832763371.jar /var/folders/q2/pzv29wsd2h3dpjk6pp9_xnt00000gn/T/surefire6702211171115166643tmp /var/folders/q2/pzv29wsd2h3dpjk6pp9_xnt00000gn/T/surefire8478871040794705726tmp"/>
    <property name="java.specification.vendor" value="Sun Microsystems Inc."/>
    <property name="user.language" value="en"/>
    <property name="awt.toolkit" value="apple.awt.CToolkit"/>
    <property name="java.vm.info" value="mixed mode"/>
    <property name="java.version" value="1.6.0_29"/>
    <property name="java.ext.dirs" value="/Library/Java/Extensions:/System/Library/Java/Extensions:/System/Library/Java/JavaVirtualMachines/1.6.0.jdk/Contents/Home/lib/ext"/>
    <property name="sun.boot.class.path" value="/System/Library/Java/JavaVirtualMachines/1.6.0.jdk/Contents/Classes/jsfd.jar:/System/Library/Java/JavaVirtualMachines/1.6.0.jdk/Contents/Classes/classes.jar:/System/Library/Frameworks/JavaVM.framework/Frameworks/JavaRuntimeSupport.framework/Resources/Java/JavaRuntimeSupport.jar:/System/Library/Java/JavaVirtualMachines/1.6.0.jdk/Contents/Classes/ui.jar:/System/Library/Java/JavaVirtualMachines/1.6.0.jdk/Contents/Classes/laf.jar:/System/Library/Java/JavaVirtualMachines/1.6.0.jdk/Contents/Classes/sunrsasign.jar:/System/Library/Java/JavaVirtualMachines/1.6.0.jdk/Contents/Classes/jsse.jar:/System/Library/Java/JavaVirtualMachines/1.6.0.jdk/Contents/Classes/jce.jar:/System/Library/Java/JavaVirtualMachines/1.6.0.jdk/Contents/Classes/charsets.jar"/>
    <property name="java.vendor" value="Apple Inc."/>
    <property name="localRepository" value="/Users/cwilper/.m2/repository"/>
    <property name="file.separator" value="/"/>
    <property name="derby.stream.error.file" value="/Users/cwilper/work/gh/akubra/akubra/akubra-txn/target/derby.log"/>
    <property name="bitronix.tm.serverId" value="akubra-tck-test"/>
    <property name="java.vendor.url.bug" value="http://bugreport.apple.com/"/>
    <property name="sun.cpu.endian" value="little"/>
    <property name="sun.io.unicode.encoding" value="UnicodeLittle"/>
    <property name="mrj.version" value="1070.1.6.0_29-402"/>
    <property name="bitronix.tm.journal" value="null"/>
    <property name="socksNonProxyHosts" value="local|*.local|169.254/16|*.169.254/16"/>
    <property name="ftp.nonProxyHosts" value="local|*.local|169.254/16|*.169.254/16"/>
    <property name="sun.cpu.isalist" value=""/>
  </properties>
  <testcase time="0.006" classname="org.akubraproject.txn.derby.TestTransactionalStore" name="testGetId"/>
  <testcase time="0" classname="org.akubraproject.txn.derby.TestTransactionalStore" name="testInit"/>
  <testcase time="0.319" classname="org.akubraproject.txn.derby.TestTransactionalStore" name="testBasicCommit"/>
  <testcase time="0.117" classname="org.akubraproject.txn.derby.TestTransactionalStore" name="testBasicRollback"/>
  <testcase time="0.005" classname="org.akubraproject.txn.derby.TestTransactionalStore" name="testBlobFromStream"/>
  <testcase time="0.049" classname="org.akubraproject.txn.derby.TestTransactionalStore" name="testBlobUpdate"/>
  <testcase time="0.004" classname="org.akubraproject.txn.derby.TestTransactionalStore" name="testCanonicalId"/>
  <testcase time="0.076" classname="org.akubraproject.txn.derby.TestTransactionalStore" name="testCloseConnection"/>
  <testcase time="0.045" classname="org.akubraproject.txn.derby.TestTransactionalStore" name="testClosedConnection"/>
  <testcase time="0.027" classname="org.akubraproject.txn.derby.TestTransactionalStore" name="testDelete"/>
  <testcase time="0.004" classname="org.akubraproject.txn.derby.TestTransactionalStore" name="testIdGeneration"/>
  <testcase time="0.021" classname="org.akubraproject.txn.derby.TestTransactionalStore" name="testIdValidation"/>
  <testcase time="0.03" classname="org.akubraproject.txn.derby.TestTransactionalStore" name="testInputStream"/>
  <testcase time="0.188" classname="org.akubraproject.txn.derby.TestTransactionalStore" name="testListBlobs"/>
  <testcase time="0.13" classname="org.akubraproject.txn.derby.TestTransactionalStore" name="testMoveTo"/>
  <testcase time="0.014" classname="org.akubraproject.txn.derby.TestTransactionalStore" name="testNonExistentBlob"/>
  <testcase time="0.002" classname="org.akubraproject.txn.derby.TestTransactionalStore" name="testOpenConnectionNoTransaction"/>
  <testcase time="0.003" classname="org.akubraproject.txn.derby.TestTransactionalStore" name="testOpenConnectionWithTransaction"/>
  <testcase time="0.235" classname="org.akubraproject.txn.derby.TestTransactionalStore" name="testOutputStream"/>
  <testcase time="0.075" classname="org.akubraproject.txn.derby.TestTransactionalStore" name="testSync"/>
  <testcase time="6.475" classname="org.akubraproject.txn.derby.TestTransactionalStore" name="stressTest"/>
  <testcase time="0.154" classname="org.akubraproject.txn.derby.TestTransactionalStore" name="testBasicTransactionIsolation"/>
  <testcase time="0.95" classname="org.akubraproject.txn.derby.TestTransactionalStore" name="testConflicts"/>
  <testcase time="0.233" classname="org.akubraproject.txn.derby.TestTransactionalStore" name="testDeleteCleanup"/>
  <testcase time="0.089" classname="org.akubraproject.txn.derby.TestTransactionalStore" name="testTransactionIsolation2"/>
  <testcase time="0.016" classname="org.akubraproject.txn.derby.TestTransactionalStore" name="testCleanup"/>
</testsuite>