<?xml version="1.0" encoding="UTF-8"?>
<!-- Generated by org.testng.reporters.JUnitReportReporter -->
<testsuite hostname="entropy.local" name="org.akubraproject.fs.TestFSBlobIdIterator" tests="3" failures="0" timestamp="3 Mar 2012 15:51:36 GMT" time="0.021" errors="0">
  <testcase name="testEmpty" time="0.003" classname="org.akubraproject.fs.TestFSBlobIdIterator"/>
  <testcase name="testMultiWithFilter" time="0.010" classname="org.akubraproject.fs.TestFSBlobIdIterator"/>
  <testcase name="testMulti" time="0.008" classname="org.akubraproject.fs.TestFSBlobIdIterator"/>
</testsuite> <!-- org.akubraproject.fs.TestFSBlobIdIterator -->
