<?xml version="1.0" encoding="UTF-8"?>
<!-- Generated by org.testng.reporters.JUnitReportReporter -->
<testsuite hostname="entropy.local" name="org.akubraproject.fs.TestFSBlob" tests="5" failures="0" timestamp="3 Mar 2012 15:51:36 GMT" time="0.026" errors="0">
  <testcase name="testConstructWithBadId" time="0.002" classname="org.akubraproject.fs.TestFSBlob"/>
  <testcase name="testExistsFalse" time="0.001" classname="org.akubraproject.fs.TestFSBlob"/>
  <testcase name="testDefaultMoveTo" time="0.002" classname="org.akubraproject.fs.TestFSBlob"/>
  <testcase name="testGetCanonicalId" time="0.002" classname="org.akubraproject.fs.TestFSBlob"/>
  <testcase name="testForceCopyAndDeleteMoveTo" time="0.019" classname="org.akubraproject.fs.TestFSBlob"/>
</testsuite> <!-- org.akubraproject.fs.TestFSBlob -->
