<?xml version="1.0" encoding="UTF-8"?>
<!-- Generated by org.testng.reporters.JUnitReportReporter -->
<testsuite hostname="entropy.local" name="org.akubraproject.fs.TestFSBlobStoreTCK" tests="21" failures="0" timestamp="3 Mar 2012 15:51:36 GMT" time="0.188" errors="0">
  <testcase name="testListBlobs" time="0.026" classname="org.akubraproject.fs.TestFSBlobStoreTCK"/>
  <testcase name="testInputStream" time="0.006" classname="org.akubraproject.fs.TestFSBlobStoreTCK"/>
  <testcase name="testBasicCommit" time="0.001" classname="org.akubraproject.fs.TestFSBlobStoreTCK"/>
  <testcase name="testNonExistentBlob" time="0.003" classname="org.akubraproject.fs.TestFSBlobStoreTCK"/>
  <testcase name="testDelete" time="0.004" classname="org.akubraproject.fs.TestFSBlobStoreTCK"/>
  <testcase name="testBasicRollback" time="0.000" classname="org.akubraproject.fs.TestFSBlobStoreTCK"/>
  <testcase name="testCanonicalId" time="0.002" classname="org.akubraproject.fs.TestFSBlobStoreTCK"/>
  <testcase name="testIdValidation" time="0.004" classname="org.akubraproject.fs.TestFSBlobStoreTCK"/>
  <testcase name="testSync" time="0.020" classname="org.akubraproject.fs.TestFSBlobStoreTCK"/>
  <testcase name="testClosedConnection" time="0.010" classname="org.akubraproject.fs.TestFSBlobStoreTCK"/>
  <testcase name="testIdGeneration" time="0.001" classname="org.akubraproject.fs.TestFSBlobStoreTCK"/>
  <testcase name="testBlobFromStream" time="0.002" classname="org.akubraproject.fs.TestFSBlobStoreTCK"/>
  <testcase name="testGetId" time="0.006" classname="org.akubraproject.fs.TestFSBlobStoreTCK"/>
  <testcase name="testCleanup" time="0.002" classname="org.akubraproject.fs.TestFSBlobStoreTCK"/>
  <testcase name="testOpenConnectionNoTransaction" time="0.001" classname="org.akubraproject.fs.TestFSBlobStoreTCK"/>
  <testcase name="testOutputStream" time="0.040" classname="org.akubraproject.fs.TestFSBlobStoreTCK"/>
  <testcase name="testInit" time="0.000" classname="org.akubraproject.fs.TestFSBlobStoreTCK"/>
  <testcase name="testOpenConnectionWithTransaction" time="0.022" classname="org.akubraproject.fs.TestFSBlobStoreTCK"/>
  <testcase name="testCloseConnection" time="0.004" classname="org.akubraproject.fs.TestFSBlobStoreTCK"/>
  <testcase name="testBlobUpdate" time="0.015" classname="org.akubraproject.fs.TestFSBlobStoreTCK"/>
  <testcase name="testMoveTo" time="0.019" classname="org.akubraproject.fs.TestFSBlobStoreTCK"/>
</testsuite> <!-- org.akubraproject.fs.TestFSBlobStoreTCK -->
