<?xml version="1.0" encoding="UTF-8"?>
<!-- Generated by org.testng.reporters.JUnitReportReporter -->
<testsuite hostname="entropy.local" name="org.akubraproject.mem.MemStoreTest$MemStoreTestSuite" tests="44" failures="0" timestamp="3 Mar 2012 15:52:01 GMT" time="0.130" errors="0">
  <testcase name="testBasicCommit" time="0.000" classname="org.akubraproject.mem.MemStoreTest$MemStoreTestSuite"/>
  <testcase name="testNonExistentBlob" time="0.000" classname="org.akubraproject.mem.MemStoreTest$MemStoreTestSuite"/>
  <testcase name="testOutputStream" time="0.008" classname="org.akubraproject.mem.MemStoreTest$MemStoreTestSuite"/>
  <testcase name="testNonExistentBlob" time="0.003" classname="org.akubraproject.mem.MemStoreTest$MemStoreTestSuite"/>
  <testcase name="testMoveTo" time="0.003" classname="org.akubraproject.mem.MemStoreTest$MemStoreTestSuite"/>
  <testcase name="testBufferExpansion" time="0.001" classname="org.akubraproject.mem.MemStoreTest$MemStoreTestSuite"/>
  <testcase name="testInit" time="0.000" classname="org.akubraproject.mem.MemStoreTest$MemStoreTestSuite"/>
  <testcase name="testBlobUpdate" time="0.002" classname="org.akubraproject.mem.MemStoreTest$MemStoreTestSuite"/>
  <testcase name="testOpenConnectionWithTransaction" time="0.021" classname="org.akubraproject.mem.MemStoreTest$MemStoreTestSuite"/>
  <testcase name="testClosedConnection" time="0.008" classname="org.akubraproject.mem.MemStoreTest$MemStoreTestSuite"/>
  <testcase name="testBlobFromStream" time="0.003" classname="org.akubraproject.mem.MemStoreTest$MemStoreTestSuite"/>
  <testcase name="testGetId" time="0.000" classname="org.akubraproject.mem.MemStoreTest$MemStoreTestSuite"/>
  <testcase name="testCanonicalId" time="0.001" classname="org.akubraproject.mem.MemStoreTest$MemStoreTestSuite"/>
  <testcase name="testBasicCommit" time="0.000" classname="org.akubraproject.mem.MemStoreTest$MemStoreTestSuite"/>
  <testcase name="testOpenConnectionWithTransaction" time="0.001" classname="org.akubraproject.mem.MemStoreTest$MemStoreTestSuite"/>
  <testcase name="testOpenConnectionNoTransaction" time="0.000" classname="org.akubraproject.mem.MemStoreTest$MemStoreTestSuite"/>
  <testcase name="testBasicRollback" time="0.000" classname="org.akubraproject.mem.MemStoreTest$MemStoreTestSuite"/>
  <testcase name="testOutputStream" time="0.006" classname="org.akubraproject.mem.MemStoreTest$MemStoreTestSuite"/>
  <testcase name="testSync" time="0.001" classname="org.akubraproject.mem.MemStoreTest$MemStoreTestSuite"/>
  <testcase name="testBlobUpdate" time="0.012" classname="org.akubraproject.mem.MemStoreTest$MemStoreTestSuite"/>
  <testcase name="testSync" time="0.003" classname="org.akubraproject.mem.MemStoreTest$MemStoreTestSuite"/>
  <testcase name="testListBlobs" time="0.003" classname="org.akubraproject.mem.MemStoreTest$MemStoreTestSuite"/>
  <testcase name="testListBlobs" time="0.004" classname="org.akubraproject.mem.MemStoreTest$MemStoreTestSuite"/>
  <testcase name="testCleanup" time="0.000" classname="org.akubraproject.mem.MemStoreTest$MemStoreTestSuite"/>
  <testcase name="testIdGeneration" time="0.001" classname="org.akubraproject.mem.MemStoreTest$MemStoreTestSuite"/>
  <testcase name="testBasicRollback" time="0.001" classname="org.akubraproject.mem.MemStoreTest$MemStoreTestSuite"/>
  <testcase name="testBufferExpansion" time="0.018" classname="org.akubraproject.mem.MemStoreTest$MemStoreTestSuite"/>
  <testcase name="testInit" time="0.001" classname="org.akubraproject.mem.MemStoreTest$MemStoreTestSuite"/>
  <testcase name="testInputStream" time="0.002" classname="org.akubraproject.mem.MemStoreTest$MemStoreTestSuite"/>
  <testcase name="testCanonicalId" time="0.001" classname="org.akubraproject.mem.MemStoreTest$MemStoreTestSuite"/>
  <testcase name="testInputStream" time="0.001" classname="org.akubraproject.mem.MemStoreTest$MemStoreTestSuite"/>
  <testcase name="testCleanup" time="0.000" classname="org.akubraproject.mem.MemStoreTest$MemStoreTestSuite"/>
  <testcase name="testCloseConnection" time="0.001" classname="org.akubraproject.mem.MemStoreTest$MemStoreTestSuite"/>
  <testcase name="testGetId" time="0.009" classname="org.akubraproject.mem.MemStoreTest$MemStoreTestSuite"/>
  <testcase name="testDelete" time="0.001" classname="org.akubraproject.mem.MemStoreTest$MemStoreTestSuite"/>
  <testcase name="testClosedConnection" time="0.001" classname="org.akubraproject.mem.MemStoreTest$MemStoreTestSuite"/>
  <testcase name="testCloseConnection" time="0.002" classname="org.akubraproject.mem.MemStoreTest$MemStoreTestSuite"/>
  <testcase name="testIdValidation" time="0.000" classname="org.akubraproject.mem.MemStoreTest$MemStoreTestSuite"/>
  <testcase name="testDelete" time="0.001" classname="org.akubraproject.mem.MemStoreTest$MemStoreTestSuite"/>
  <testcase name="testIdGeneration" time="0.000" classname="org.akubraproject.mem.MemStoreTest$MemStoreTestSuite"/>
  <testcase name="testIdValidation" time="0.001" classname="org.akubraproject.mem.MemStoreTest$MemStoreTestSuite"/>
  <testcase name="testMoveTo" time="0.005" classname="org.akubraproject.mem.MemStoreTest$MemStoreTestSuite"/>
  <testcase name="testOpenConnectionNoTransaction" time="0.000" classname="org.akubraproject.mem.MemStoreTest$MemStoreTestSuite"/>
  <testcase name="testBlobFromStream" time="0.004" classname="org.akubraproject.mem.MemStoreTest$MemStoreTestSuite"/>
</testsuite> <!-- org.akubraproject.mem.MemStoreTest$MemStoreTestSuite -->
