<?xml version="1.0" encoding="UTF-8"?>
<!-- Generated by org.testng.reporters.JUnitReportReporter -->
<testsuite hostname="entropy.local" name="org.akubraproject.impl.TestStreamManager" tests="4" failures="0" timestamp="3 Mar 2012 15:50:34 GMT" time="0.019" errors="0">
  <testcase name="testTrackedConnectionCloses" time="0.010" classname="org.akubraproject.impl.TestStreamManager"/>
  <testcase name="testManageInputStream" time="0.007" classname="org.akubraproject.impl.TestStreamManager"/>
  <testcase name="testManageOutputStream" time="0.001" classname="org.akubraproject.impl.TestStreamManager"/>
  <testcase name="testInitialState" time="0.001" classname="org.akubraproject.impl.TestStreamManager"/>
</testsuite> <!-- org.akubraproject.impl.TestStreamManager -->
