<?xml version="1.0" encoding="UTF-8"?>
<!-- Generated by org.testng.reporters.JUnitReportReporter -->
<testsuite hostname="entropy.local" name="org.akubraproject.impl.TestManagedOutputStream" tests="1" failures="0" timestamp="3 Mar 2012 15:50:34 GMT" time="0.007" errors="0">
  <testcase name="testCloseNotification" time="0.007" classname="org.akubraproject.impl.TestManagedOutputStream"/>
</testsuite> <!-- org.akubraproject.impl.TestManagedOutputStream -->
