<?xml version="1.0" encoding="UTF-8"?>
<!-- Generated by org.testng.reporters.JUnitReportReporter -->
<testsuite hostname="entropy.local" name="org.akubraproject.rmi.server.ServerTransactionListenerTest" tests="6" failures="0" timestamp="3 Mar 2012 15:54:48 GMT" time="0.007" errors="0">
  <testcase name="testCommit" time="0.000" classname="org.akubraproject.rmi.server.ServerTransactionListenerTest"/>
  <testcase name="testRegisterSynchronization" time="0.001" classname="org.akubraproject.rmi.server.ServerTransactionListenerTest"/>
  <testcase name="testXAResource" time="0.003" classname="org.akubraproject.rmi.server.ServerTransactionListenerTest"/>
  <testcase name="testSetRollbackOnly" time="0.000" classname="org.akubraproject.rmi.server.ServerTransactionListenerTest"/>
  <testcase name="testRollback" time="0.001" classname="org.akubraproject.rmi.server.ServerTransactionListenerTest"/>
  <testcase name="testGetStatus" time="0.002" classname="org.akubraproject.rmi.server.ServerTransactionListenerTest"/>
</testsuite> <!-- org.akubraproject.rmi.server.ServerTransactionListenerTest -->
