<?xml version="1.0" encoding="UTF-8"?>
<!-- Generated by org.testng.reporters.JUnitReportReporter -->
<testsuite hostname="entropy.local" name="org.akubraproject.rmi.server.ServerInputStreamTest" tests="6" failures="0" timestamp="3 Mar 2012 15:54:48 GMT" time="0.003" errors="0">
  <testcase name="testSkip" time="0.000" classname="org.akubraproject.rmi.server.ServerInputStreamTest"/>
  <testcase name="testClose" time="0.000" classname="org.akubraproject.rmi.server.ServerInputStreamTest"/>
  <testcase name="testReadInt" time="0.000" classname="org.akubraproject.rmi.server.ServerInputStreamTest"/>
  <testcase name="testServerInputStream" time="0.001" classname="org.akubraproject.rmi.server.ServerInputStreamTest"/>
  <testcase name="testRead" time="0.001" classname="org.akubraproject.rmi.server.ServerInputStreamTest"/>
  <testcase name="testUnreferenced" time="0.001" classname="org.akubraproject.rmi.server.ServerInputStreamTest"/>
</testsuite> <!-- org.akubraproject.rmi.server.ServerInputStreamTest -->
