<?xml version="1.0" encoding="UTF-8"?>
<!-- Generated by org.testng.reporters.JUnitReportReporter -->
<testsuite hostname="entropy.local" name="org.akubraproject.rmi.client.ClientXAResourceTest" tests="10" failures="0" timestamp="3 Mar 2012 15:54:48 GMT" time="0.004" errors="0">
  <testcase name="testRollback" time="0.001" classname="org.akubraproject.rmi.client.ClientXAResourceTest"/>
  <testcase name="testSetTransactionTimeout" time="0.000" classname="org.akubraproject.rmi.client.ClientXAResourceTest"/>
  <testcase name="testIsSameRM" time="0.000" classname="org.akubraproject.rmi.client.ClientXAResourceTest"/>
  <testcase name="testStart" time="0.001" classname="org.akubraproject.rmi.client.ClientXAResourceTest"/>
  <testcase name="testEnd" time="0.001" classname="org.akubraproject.rmi.client.ClientXAResourceTest"/>
  <testcase name="testRecover" time="0.000" classname="org.akubraproject.rmi.client.ClientXAResourceTest"/>
  <testcase name="testCommit" time="0.001" classname="org.akubraproject.rmi.client.ClientXAResourceTest"/>
  <testcase name="testGetTransactionTimeout" time="0.000" classname="org.akubraproject.rmi.client.ClientXAResourceTest"/>
  <testcase name="testPrepare" time="0.000" classname="org.akubraproject.rmi.client.ClientXAResourceTest"/>
  <testcase name="testForget" time="0.000" classname="org.akubraproject.rmi.client.ClientXAResourceTest"/>
</testsuite> <!-- org.akubraproject.rmi.client.ClientXAResourceTest -->
