<?xml version="1.0" encoding="UTF-8"?>
<!-- Generated by org.testng.reporters.JUnitReportReporter -->
<testsuite hostname="entropy.local" name="org.akubraproject.rmi.client.ClientInputStreamTest" tests="6" failures="0" timestamp="3 Mar 2012 15:54:48 GMT" time="0.013" errors="0">
  <testcase name="testClientInputStream" time="0.001" classname="org.akubraproject.rmi.client.ClientInputStreamTest"/>
  <testcase name="testReadByteArrayIntInt" time="0.001" classname="org.akubraproject.rmi.client.ClientInputStreamTest"/>
  <testcase name="testReadByteArray" time="0.002" classname="org.akubraproject.rmi.client.ClientInputStreamTest"/>
  <testcase name="testClose" time="0.003" classname="org.akubraproject.rmi.client.ClientInputStreamTest"/>
  <testcase name="testSkip" time="0.002" classname="org.akubraproject.rmi.client.ClientInputStreamTest"/>
  <testcase name="testRead" time="0.004" classname="org.akubraproject.rmi.client.ClientInputStreamTest"/>
</testsuite> <!-- org.akubraproject.rmi.client.ClientInputStreamTest -->
