<?xml version="1.0" encoding="UTF-8"?>
<!-- Generated by org.testng.reporters.JUnitReportReporter -->
<testsuite hostname="entropy.local" name="org.akubraproject.rmi.server.ServerOutputStreamTest" tests="7" failures="0" timestamp="3 Mar 2012 15:54:48 GMT" time="0.003" errors="0">
  <testcase name="testFlush" time="0.000" classname="org.akubraproject.rmi.server.ServerOutputStreamTest"/>
  <testcase name="testWriteByteArray" time="0.001" classname="org.akubraproject.rmi.server.ServerOutputStreamTest"/>
  <testcase name="testClose" time="0.001" classname="org.akubraproject.rmi.server.ServerOutputStreamTest"/>
  <testcase name="testServerOutputStream" time="0.001" classname="org.akubraproject.rmi.server.ServerOutputStreamTest"/>
  <testcase name="testWriteInt" time="0.000" classname="org.akubraproject.rmi.server.ServerOutputStreamTest"/>
  <testcase name="testWritePartialBuffer" time="0.000" classname="org.akubraproject.rmi.server.ServerOutputStreamTest"/>
  <testcase name="testUnreferenced" time="0.000" classname="org.akubraproject.rmi.server.ServerOutputStreamTest"/>
</testsuite> <!-- org.akubraproject.rmi.server.ServerOutputStreamTest -->
