<?xml version="1.0" encoding="UTF-8"?>
<!-- Generated by org.testng.reporters.JUnitReportReporter -->
<testsuite hostname="entropy.local" name="org.akubraproject.rmi.client.ClientSynchronizationTest" tests="2" failures="0" timestamp="3 Mar 2012 15:54:48 GMT" time="0.002" errors="0">
  <testcase name="testAfterCompletion" time="0.001" classname="org.akubraproject.rmi.client.ClientSynchronizationTest"/>
  <testcase name="testBeforeCompletion" time="0.001" classname="org.akubraproject.rmi.client.ClientSynchronizationTest"/>
</testsuite> <!-- org.akubraproject.rmi.client.ClientSynchronizationTest -->
