<?xml version="1.0" encoding="UTF-8"?>
<!-- Generated by org.testng.reporters.JUnitReportReporter -->
<testsuite hostname="entropy.local" name="org.akubraproject.rmi.TransactionalStoreTest" tests="6" failures="0" timestamp="3 Mar 2012 15:54:48 GMT" time="7.971" errors="0">
  <testcase name="testBasicCommit" time="0.276" classname="org.akubraproject.rmi.TransactionalStoreTest"/>
  <testcase name="testBasicRollback" time="0.375" classname="org.akubraproject.rmi.TransactionalStoreTest"/>
  <testcase name="testOpenConnectionWithTransaction" time="0.134" classname="org.akubraproject.rmi.TransactionalStoreTest"/>
  <testcase name="testMTStress" time="7.180" classname="org.akubraproject.rmi.TransactionalStoreTest"/>
  <testcase name="testGetId" time="0.001" classname="org.akubraproject.rmi.TransactionalStoreTest"/>
  <testcase name="testOpenConnectionNoTransaction" time="0.005" classname="org.akubraproject.rmi.TransactionalStoreTest"/>
</testsuite> <!-- org.akubraproject.rmi.TransactionalStoreTest -->
