<?xml version="1.0" encoding="UTF-8"?>
<!-- Generated by org.testng.reporters.JUnitReportReporter -->
<testsuite hostname="entropy.local" name="org.akubraproject.rmi.MemStoreConnectionTest" tests="5" failures="0" timestamp="3 Mar 2012 15:54:48 GMT" time="0.071" errors="0">
  <testcase name="testGenerateBlob" time="0.003" classname="org.akubraproject.rmi.MemStoreConnectionTest"/>
  <testcase name="testListBlobIds" time="0.027" classname="org.akubraproject.rmi.MemStoreConnectionTest"/>
  <testcase name="testCASBlob" time="0.011" classname="org.akubraproject.rmi.MemStoreConnectionTest"/>
  <testcase name="testMove" time="0.026" classname="org.akubraproject.rmi.MemStoreConnectionTest"/>
  <testcase name="testUseAppBlob" time="0.004" classname="org.akubraproject.rmi.MemStoreConnectionTest"/>
</testsuite> <!-- org.akubraproject.rmi.MemStoreConnectionTest -->
