<?xml version="1.0" encoding="UTF-8"?>
<!-- Generated by org.testng.reporters.JUnitReportReporter -->
<testsuite hostname="entropy.local" name="org.akubraproject.rmi.client.ClientConnectionTest" tests="4" failures="0" timestamp="3 Mar 2012 15:54:48 GMT" time="0.042" errors="0">
  <testcase name="testClose" time="0.001" classname="org.akubraproject.rmi.client.ClientConnectionTest"/>
  <testcase name="testGetBlobURIMapOfStringString" time="0.007" classname="org.akubraproject.rmi.client.ClientConnectionTest"/>
  <testcase name="testGetBlobInputStreamLongMapOfStringString" time="0.025" classname="org.akubraproject.rmi.client.ClientConnectionTest"/>
  <testcase name="testListBlobIds" time="0.009" classname="org.akubraproject.rmi.client.ClientConnectionTest"/>
</testsuite> <!-- org.akubraproject.rmi.client.ClientConnectionTest -->
