<?xml version="1.0" encoding="UTF-8"?>
<!-- Generated by org.testng.reporters.JUnitReportReporter -->
<testsuite hostname="entropy.local" name="org.akubraproject.rmi.client.ClientIteratorTest" tests="3" failures="0" timestamp="3 Mar 2012 15:54:48 GMT" time="0.008" errors="0">
  <testcase name="testNext" time="0.003" classname="org.akubraproject.rmi.client.ClientIteratorTest"/>
  <testcase name="testRemove" time="0.003" classname="org.akubraproject.rmi.client.ClientIteratorTest"/>
  <testcase name="testHasNext" time="0.002" classname="org.akubraproject.rmi.client.ClientIteratorTest"/>
</testsuite> <!-- org.akubraproject.rmi.client.ClientIteratorTest -->
