<?xml version="1.0" encoding="UTF-8"?>
<!-- Generated by org.testng.reporters.JUnitReportReporter -->
<testsuite hostname="entropy.local" name="org.akubraproject.rmi.server.ServerConnectionTest" tests="6" failures="0" timestamp="3 Mar 2012 15:54:48 GMT" time="0.009" errors="0">
  <testcase name="testGetBlobURIMapOfStringString" time="0.001" classname="org.akubraproject.rmi.server.ServerConnectionTest"/>
  <testcase name="testClose" time="0.000" classname="org.akubraproject.rmi.server.ServerConnectionTest"/>
  <testcase name="testServerConnection" time="0.000" classname="org.akubraproject.rmi.server.ServerConnectionTest"/>
  <testcase name="testGetBlobCreator" time="0.006" classname="org.akubraproject.rmi.server.ServerConnectionTest"/>
  <testcase name="testUnreferenced" time="0.001" classname="org.akubraproject.rmi.server.ServerConnectionTest"/>
  <testcase name="testListBlobIds" time="0.001" classname="org.akubraproject.rmi.server.ServerConnectionTest"/>
</testsuite> <!-- org.akubraproject.rmi.server.ServerConnectionTest -->
