<?xml version="1.0" encoding="UTF-8"?>
<!-- Generated by org.testng.reporters.JUnitReportReporter -->
<testsuite hostname="entropy.local" name="org.akubraproject.rmi.client.ClientBlobTest" tests="6" failures="0" timestamp="3 Mar 2012 15:54:48 GMT" time="0.062" errors="0">
  <testcase name="testGetSize" time="0.000" classname="org.akubraproject.rmi.client.ClientBlobTest"/>
  <testcase name="testDelete" time="0.006" classname="org.akubraproject.rmi.client.ClientBlobTest"/>
  <testcase name="testMoveTo" time="0.019" classname="org.akubraproject.rmi.client.ClientBlobTest"/>
  <testcase name="testOpenOutputStream" time="0.020" classname="org.akubraproject.rmi.client.ClientBlobTest"/>
  <testcase name="testOpenInputStream" time="0.015" classname="org.akubraproject.rmi.client.ClientBlobTest"/>
  <testcase name="testExists" time="0.002" classname="org.akubraproject.rmi.client.ClientBlobTest"/>
</testsuite> <!-- org.akubraproject.rmi.client.ClientBlobTest -->
