<?xml version="1.0" encoding="UTF-8"?>
<!-- Generated by org.testng.reporters.JUnitReportReporter -->
<testsuite hostname="entropy.local" name="org.akubraproject.rmi.client.ClientOutputStreamTest" tests="6" failures="0" timestamp="3 Mar 2012 15:54:48 GMT" time="0.013" errors="0">
  <testcase name="testFlush" time="0.002" classname="org.akubraproject.rmi.client.ClientOutputStreamTest"/>
  <testcase name="testWriteByteArrayIntInt" time="0.006" classname="org.akubraproject.rmi.client.ClientOutputStreamTest"/>
  <testcase name="testWriteInt" time="0.001" classname="org.akubraproject.rmi.client.ClientOutputStreamTest"/>
  <testcase name="testClose" time="0.002" classname="org.akubraproject.rmi.client.ClientOutputStreamTest"/>
  <testcase name="testClientOutputStream" time="0.001" classname="org.akubraproject.rmi.client.ClientOutputStreamTest"/>
  <testcase name="testWriteByteArray" time="0.001" classname="org.akubraproject.rmi.client.ClientOutputStreamTest"/>
</testsuite> <!-- org.akubraproject.rmi.client.ClientOutputStreamTest -->
