<?xml version="1.0" encoding="UTF-8"?>
<!-- Generated by org.testng.reporters.JUnitReportReporter -->
<testsuite hostname="entropy.local" name="org.akubraproject.rmi.server.ServerIteratorTest" tests="3" failures="0" timestamp="3 Mar 2012 15:54:48 GMT" time="0.001" errors="0">
  <testcase name="testServerIterator" time="0.000" classname="org.akubraproject.rmi.server.ServerIteratorTest"/>
  <testcase name="testNext" time="0.001" classname="org.akubraproject.rmi.server.ServerIteratorTest"/>
  <testcase name="testUnExport" time="0.000" classname="org.akubraproject.rmi.server.ServerIteratorTest"/>
</testsuite> <!-- org.akubraproject.rmi.server.ServerIteratorTest -->
