<?xml version="1.0" encoding="UTF-8"?>
<!-- Generated by org.testng.reporters.JUnitReportReporter -->
<testsuite hostname="entropy.local" name="org.akubraproject.rmi.server.ServerBlobTest" tests="8" failures="0" timestamp="3 Mar 2012 15:54:48 GMT" time="0.004" errors="0">
  <testcase name="testOpenOutputStream" time="0.000" classname="org.akubraproject.rmi.server.ServerBlobTest"/>
  <testcase name="testServerBlob" time="0.001" classname="org.akubraproject.rmi.server.ServerBlobTest"/>
  <testcase name="testDelete" time="0.000" classname="org.akubraproject.rmi.server.ServerBlobTest"/>
  <testcase name="testMoveTo" time="0.001" classname="org.akubraproject.rmi.server.ServerBlobTest"/>
  <testcase name="testExists" time="0.000" classname="org.akubraproject.rmi.server.ServerBlobTest"/>
  <testcase name="testOpenInputStream" time="0.001" classname="org.akubraproject.rmi.server.ServerBlobTest"/>
  <testcase name="testGetId" time="0.001" classname="org.akubraproject.rmi.server.ServerBlobTest"/>
  <testcase name="testGetSize" time="0.000" classname="org.akubraproject.rmi.server.ServerBlobTest"/>
</testsuite> <!-- org.akubraproject.rmi.server.ServerBlobTest -->
