<?xml version="1.0" encoding="UTF-8"?>
<!-- Generated by org.testng.reporters.JUnitReportReporter -->
<testsuite hostname="entropy.local" name="org.akubraproject.rmi.ServiceTest" tests="5" failures="0" timestamp="3 Mar 2012 15:54:48 GMT" time="0.058" errors="0">
  <testcase name="testWithNameAndPort" time="0.024" classname="org.akubraproject.rmi.ServiceTest"/>
  <testcase name="testWithNameAndAlternatePorts" time="0.009" classname="org.akubraproject.rmi.ServiceTest"/>
  <testcase name="testWithPort" time="0.009" classname="org.akubraproject.rmi.ServiceTest"/>
  <testcase name="testLookupByUri" time="0.008" classname="org.akubraproject.rmi.ServiceTest"/>
  <testcase name="testDefault" time="0.008" classname="org.akubraproject.rmi.ServiceTest"/>
</testsuite> <!-- org.akubraproject.rmi.ServiceTest -->
