<?xml version="1.0" encoding="UTF-8"?>
<!-- Generated by org.testng.reporters.JUnitReportReporter -->
<testsuite hostname="entropy.local" name="org.akubraproject.rmi.server.ServerXAResourceTest" tests="11" failures="0" timestamp="3 Mar 2012 15:54:48 GMT" time="0.001" errors="0">
  <testcase name="testEnd" time="0.000" classname="org.akubraproject.rmi.server.ServerXAResourceTest"/>
  <testcase name="testSetTransactionTimeout" time="0.000" classname="org.akubraproject.rmi.server.ServerXAResourceTest"/>
  <testcase name="testForget" time="0.000" classname="org.akubraproject.rmi.server.ServerXAResourceTest"/>
  <testcase name="testPrepare" time="0.000" classname="org.akubraproject.rmi.server.ServerXAResourceTest"/>
  <testcase name="testRollback" time="0.000" classname="org.akubraproject.rmi.server.ServerXAResourceTest"/>
  <testcase name="testRecover" time="0.000" classname="org.akubraproject.rmi.server.ServerXAResourceTest"/>
  <testcase name="testGetTransactionTimeout" time="0.000" classname="org.akubraproject.rmi.server.ServerXAResourceTest"/>
  <testcase name="testIsSameRM" time="0.001" classname="org.akubraproject.rmi.server.ServerXAResourceTest"/>
  <testcase name="testServerXAResource" time="0.000" classname="org.akubraproject.rmi.server.ServerXAResourceTest"/>
  <testcase name="testStart" time="0.000" classname="org.akubraproject.rmi.server.ServerXAResourceTest"/>
  <testcase name="testCommit" time="0.000" classname="org.akubraproject.rmi.server.ServerXAResourceTest"/>
</testsuite> <!-- org.akubraproject.rmi.server.ServerXAResourceTest -->
