<?xml version="1.0" encoding="UTF-8"?>
<!-- Generated by org.testng.reporters.JUnitReportReporter -->
<testsuite hostname="entropy.local" name="org.akubraproject.rmi.server.ServerStoreTest" tests="3" failures="0" timestamp="3 Mar 2012 15:54:48 GMT" time="0.004" errors="0">
  <testcase name="testServerStore" time="0.001" classname="org.akubraproject.rmi.server.ServerStoreTest"/>
  <testcase name="testOpenConnection" time="0.001" classname="org.akubraproject.rmi.server.ServerStoreTest"/>
  <testcase name="testStartTransaction" time="0.002" classname="org.akubraproject.rmi.server.ServerStoreTest"/>
</testsuite> <!-- org.akubraproject.rmi.server.ServerStoreTest -->
