<?xml version="1.0" encoding="UTF-8"?>
<!-- Generated by org.testng.reporters.JUnitReportReporter -->
<testsuite hostname="entropy.local" name="org.akubraproject.rmi.RmiStoreTckTest$RmiStoreTestSuite" tests="42" failures="0" timestamp="3 Mar 2012 15:54:48 GMT" time="3.041" errors="0">
  <testcase name="testInputStream" time="0.030" classname="org.akubraproject.rmi.RmiStoreTckTest$RmiStoreTestSuite"/>
  <testcase name="testSync" time="0.107" classname="org.akubraproject.rmi.RmiStoreTckTest$RmiStoreTestSuite"/>
  <testcase name="testInit" time="0.000" classname="org.akubraproject.rmi.RmiStoreTckTest$RmiStoreTestSuite"/>
  <testcase name="testGetId" time="0.000" classname="org.akubraproject.rmi.RmiStoreTckTest$RmiStoreTestSuite"/>
  <testcase name="testOpenConnectionWithTransaction" time="0.003" classname="org.akubraproject.rmi.RmiStoreTckTest$RmiStoreTestSuite"/>
  <testcase name="testOpenConnectionNoTransaction" time="0.001" classname="org.akubraproject.rmi.RmiStoreTckTest$RmiStoreTestSuite"/>
  <testcase name="testBlobUpdate" time="0.120" classname="org.akubraproject.rmi.RmiStoreTckTest$RmiStoreTestSuite"/>
  <testcase name="testBlobUpdate" time="0.038" classname="org.akubraproject.rmi.RmiStoreTckTest$RmiStoreTestSuite"/>
  <testcase name="testBasicCommit" time="0.000" classname="org.akubraproject.rmi.RmiStoreTckTest$RmiStoreTestSuite"/>
  <testcase name="testMoveTo" time="0.062" classname="org.akubraproject.rmi.RmiStoreTckTest$RmiStoreTestSuite"/>
  <testcase name="testIdGeneration" time="0.003" classname="org.akubraproject.rmi.RmiStoreTckTest$RmiStoreTestSuite"/>
  <testcase name="testCanonicalId" time="0.002" classname="org.akubraproject.rmi.RmiStoreTckTest$RmiStoreTestSuite"/>
  <testcase name="testIdValidation" time="0.044" classname="org.akubraproject.rmi.RmiStoreTckTest$RmiStoreTestSuite"/>
  <testcase name="testGetId" time="0.001" classname="org.akubraproject.rmi.RmiStoreTckTest$RmiStoreTestSuite"/>
  <testcase name="testCloseConnection" time="0.195" classname="org.akubraproject.rmi.RmiStoreTckTest$RmiStoreTestSuite"/>
  <testcase name="testBasicCommit" time="0.355" classname="org.akubraproject.rmi.RmiStoreTckTest$RmiStoreTestSuite"/>
  <testcase name="testClosedConnection" time="0.093" classname="org.akubraproject.rmi.RmiStoreTckTest$RmiStoreTestSuite"/>
  <testcase name="testInputStream" time="0.061" classname="org.akubraproject.rmi.RmiStoreTckTest$RmiStoreTestSuite"/>
  <testcase name="testClosedConnection" time="0.015" classname="org.akubraproject.rmi.RmiStoreTckTest$RmiStoreTestSuite"/>
  <testcase name="testBasicRollback" time="0.268" classname="org.akubraproject.rmi.RmiStoreTckTest$RmiStoreTestSuite"/>
  <testcase name="testInit" time="0.000" classname="org.akubraproject.rmi.RmiStoreTckTest$RmiStoreTestSuite"/>
  <testcase name="testNonExistentBlob" time="0.037" classname="org.akubraproject.rmi.RmiStoreTckTest$RmiStoreTestSuite"/>
  <testcase name="testSync" time="0.029" classname="org.akubraproject.rmi.RmiStoreTckTest$RmiStoreTestSuite"/>
  <testcase name="testOpenConnectionWithTransaction" time="0.009" classname="org.akubraproject.rmi.RmiStoreTckTest$RmiStoreTestSuite"/>
  <testcase name="testIdGeneration" time="0.010" classname="org.akubraproject.rmi.RmiStoreTckTest$RmiStoreTestSuite"/>
  <testcase name="testCanonicalId" time="0.014" classname="org.akubraproject.rmi.RmiStoreTckTest$RmiStoreTestSuite"/>
  <testcase name="testBlobFromStream" time="0.014" classname="org.akubraproject.rmi.RmiStoreTckTest$RmiStoreTestSuite"/>
  <testcase name="testCleanup" time="0.028" classname="org.akubraproject.rmi.RmiStoreTckTest$RmiStoreTestSuite"/>
  <testcase name="testDelete" time="0.012" classname="org.akubraproject.rmi.RmiStoreTckTest$RmiStoreTestSuite"/>
  <testcase name="testCloseConnection" time="0.012" classname="org.akubraproject.rmi.RmiStoreTckTest$RmiStoreTestSuite"/>
  <testcase name="testOpenConnectionNoTransaction" time="0.002" classname="org.akubraproject.rmi.RmiStoreTckTest$RmiStoreTestSuite"/>
  <testcase name="testMoveTo" time="0.323" classname="org.akubraproject.rmi.RmiStoreTckTest$RmiStoreTestSuite"/>
  <testcase name="testBasicRollback" time="0.001" classname="org.akubraproject.rmi.RmiStoreTckTest$RmiStoreTestSuite"/>
  <testcase name="testListBlobs" time="0.361" classname="org.akubraproject.rmi.RmiStoreTckTest$RmiStoreTestSuite"/>
  <testcase name="testNonExistentBlob" time="0.006" classname="org.akubraproject.rmi.RmiStoreTckTest$RmiStoreTestSuite"/>
  <testcase name="testDelete" time="0.063" classname="org.akubraproject.rmi.RmiStoreTckTest$RmiStoreTestSuite"/>
  <testcase name="testOutputStream" time="0.132" classname="org.akubraproject.rmi.RmiStoreTckTest$RmiStoreTestSuite"/>
  <testcase name="testBlobFromStream" time="0.077" classname="org.akubraproject.rmi.RmiStoreTckTest$RmiStoreTestSuite"/>
  <testcase name="testIdValidation" time="0.009" classname="org.akubraproject.rmi.RmiStoreTckTest$RmiStoreTestSuite"/>
  <testcase name="testOutputStream" time="0.428" classname="org.akubraproject.rmi.RmiStoreTckTest$RmiStoreTestSuite"/>
  <testcase name="testCleanup" time="0.005" classname="org.akubraproject.rmi.RmiStoreTckTest$RmiStoreTestSuite"/>
  <testcase name="testListBlobs" time="0.071" classname="org.akubraproject.rmi.RmiStoreTckTest$RmiStoreTestSuite"/>
</testsuite> <!-- org.akubraproject.rmi.RmiStoreTckTest$RmiStoreTestSuite -->
