<?xml version="1.0" encoding="UTF-8"?>
<!-- Generated by org.testng.reporters.JUnitReportReporter -->
<testsuite hostname="entropy.local" name="org.akubraproject.txn.derby.TestTransactionalStore" tests="26" failures="0" timestamp="3 Mar 2012 15:53:00 GMT" time="9.268" errors="0">
  <testcase name="testBlobUpdate" time="0.049" classname="org.akubraproject.txn.derby.TestTransactionalStore"/>
  <testcase name="testNonExistentBlob" time="0.014" classname="org.akubraproject.txn.derby.TestTransactionalStore"/>
  <testcase name="stressTest" time="6.475" classname="org.akubraproject.txn.derby.TestTransactionalStore"/>
  <testcase name="testGetId" time="0.006" classname="org.akubraproject.txn.derby.TestTransactionalStore"/>
  <testcase name="testSync" time="0.076" classname="org.akubraproject.txn.derby.TestTransactionalStore"/>
  <testcase name="testListBlobs" time="0.188" classname="org.akubraproject.txn.derby.TestTransactionalStore"/>
  <testcase name="testBasicRollback" time="0.117" classname="org.akubraproject.txn.derby.TestTransactionalStore"/>
  <testcase name="testBasicCommit" time="0.319" classname="org.akubraproject.txn.derby.TestTransactionalStore"/>
  <testcase name="testDelete" time="0.027" classname="org.akubraproject.txn.derby.TestTransactionalStore"/>
  <testcase name="testClosedConnection" time="0.045" classname="org.akubraproject.txn.derby.TestTransactionalStore"/>
  <testcase name="testConflicts" time="0.950" classname="org.akubraproject.txn.derby.TestTransactionalStore"/>
  <testcase name="testOpenConnectionWithTransaction" time="0.003" classname="org.akubraproject.txn.derby.TestTransactionalStore"/>
  <testcase name="testDeleteCleanup" time="0.233" classname="org.akubraproject.txn.derby.TestTransactionalStore"/>
  <testcase name="testCloseConnection" time="0.076" classname="org.akubraproject.txn.derby.TestTransactionalStore"/>
  <testcase name="testBasicTransactionIsolation" time="0.155" classname="org.akubraproject.txn.derby.TestTransactionalStore"/>
  <testcase name="testTransactionIsolation2" time="0.089" classname="org.akubraproject.txn.derby.TestTransactionalStore"/>
  <testcase name="testIdValidation" time="0.021" classname="org.akubraproject.txn.derby.TestTransactionalStore"/>
  <testcase name="testInit" time="0.000" classname="org.akubraproject.txn.derby.TestTransactionalStore"/>
  <testcase name="testInputStream" time="0.030" classname="org.akubraproject.txn.derby.TestTransactionalStore"/>
  <testcase name="testOutputStream" time="0.234" classname="org.akubraproject.txn.derby.TestTransactionalStore"/>
  <testcase name="testIdGeneration" time="0.003" classname="org.akubraproject.txn.derby.TestTransactionalStore"/>
  <testcase name="testOpenConnectionNoTransaction" time="0.002" classname="org.akubraproject.txn.derby.TestTransactionalStore"/>
  <testcase name="testCleanup" time="0.016" classname="org.akubraproject.txn.derby.TestTransactionalStore"/>
  <testcase name="testBlobFromStream" time="0.005" classname="org.akubraproject.txn.derby.TestTransactionalStore"/>
  <testcase name="testMoveTo" time="0.130" classname="org.akubraproject.txn.derby.TestTransactionalStore"/>
  <testcase name="testCanonicalId" time="0.005" classname="org.akubraproject.txn.derby.TestTransactionalStore"/>
</testsuite> <!-- org.akubraproject.txn.derby.TestTransactionalStore -->
