<?xml version="1.0" encoding="UTF-8"?>
<!-- Generated by org.testng.reporters.JUnitReportReporter -->
<testsuite hostname="entropy.local" name="org.akubraproject.qsc.QuiescingBlobStoreTCKTest$QuiescingBlobStoreTestSuite" tests="44" failures="0" timestamp="3 Mar 2012 15:54:07 GMT" time="2.288" errors="0">
  <testcase name="testListBlobs" time="0.007" classname="org.akubraproject.qsc.QuiescingBlobStoreTCKTest$QuiescingBlobStoreTestSuite"/>
  <testcase name="testListBlobs" time="0.100" classname="org.akubraproject.qsc.QuiescingBlobStoreTCKTest$QuiescingBlobStoreTestSuite"/>
  <testcase name="testInputStream" time="0.025" classname="org.akubraproject.qsc.QuiescingBlobStoreTCKTest$QuiescingBlobStoreTestSuite"/>
  <testcase name="testIdValidation" time="0.001" classname="org.akubraproject.qsc.QuiescingBlobStoreTCKTest$QuiescingBlobStoreTestSuite"/>
  <testcase name="testSync" time="0.003" classname="org.akubraproject.qsc.QuiescingBlobStoreTCKTest$QuiescingBlobStoreTestSuite"/>
  <testcase name="testDelete" time="0.001" classname="org.akubraproject.qsc.QuiescingBlobStoreTCKTest$QuiescingBlobStoreTestSuite"/>
  <testcase name="testMoveTo" time="0.129" classname="org.akubraproject.qsc.QuiescingBlobStoreTCKTest$QuiescingBlobStoreTestSuite"/>
  <testcase name="testClosedConnection" time="0.040" classname="org.akubraproject.qsc.QuiescingBlobStoreTCKTest$QuiescingBlobStoreTestSuite"/>
  <testcase name="testClosedConnection" time="0.008" classname="org.akubraproject.qsc.QuiescingBlobStoreTCKTest$QuiescingBlobStoreTestSuite"/>
  <testcase name="testSync" time="0.066" classname="org.akubraproject.qsc.QuiescingBlobStoreTCKTest$QuiescingBlobStoreTestSuite"/>
  <testcase name="testGetId" time="0.001" classname="org.akubraproject.qsc.QuiescingBlobStoreTCKTest$QuiescingBlobStoreTestSuite"/>
  <testcase name="testBasicRollback" time="0.110" classname="org.akubraproject.qsc.QuiescingBlobStoreTCKTest$QuiescingBlobStoreTestSuite"/>
  <testcase name="testBlobFromStream" time="0.004" classname="org.akubraproject.qsc.QuiescingBlobStoreTCKTest$QuiescingBlobStoreTestSuite"/>
  <testcase name="testBlobFromStream" time="0.003" classname="org.akubraproject.qsc.QuiescingBlobStoreTCKTest$QuiescingBlobStoreTestSuite"/>
  <testcase name="testInputStream" time="0.002" classname="org.akubraproject.qsc.QuiescingBlobStoreTCKTest$QuiescingBlobStoreTestSuite"/>
  <testcase name="testNonExistentBlob" time="0.002" classname="org.akubraproject.qsc.QuiescingBlobStoreTCKTest$QuiescingBlobStoreTestSuite"/>
  <testcase name="testOutputStream" time="0.008" classname="org.akubraproject.qsc.QuiescingBlobStoreTCKTest$QuiescingBlobStoreTestSuite"/>
  <testcase name="testCloseConnection" time="0.002" classname="org.akubraproject.qsc.QuiescingBlobStoreTCKTest$QuiescingBlobStoreTestSuite"/>
  <testcase name="testBasicCommit" time="0.000" classname="org.akubraproject.qsc.QuiescingBlobStoreTCKTest$QuiescingBlobStoreTestSuite"/>
  <testcase name="testCleanup" time="0.008" classname="org.akubraproject.qsc.QuiescingBlobStoreTCKTest$QuiescingBlobStoreTestSuite"/>
  <testcase name="testGetId" time="0.007" classname="org.akubraproject.qsc.QuiescingBlobStoreTCKTest$QuiescingBlobStoreTestSuite"/>
  <testcase name="testIdValidation" time="0.021" classname="org.akubraproject.qsc.QuiescingBlobStoreTCKTest$QuiescingBlobStoreTestSuite"/>
  <testcase name="testInit" time="0.001" classname="org.akubraproject.qsc.QuiescingBlobStoreTCKTest$QuiescingBlobStoreTestSuite"/>
  <testcase name="testOpenConnectionNoTransaction" time="0.001" classname="org.akubraproject.qsc.QuiescingBlobStoreTCKTest$QuiescingBlobStoreTestSuite"/>
  <testcase name="testIdGeneration" time="0.001" classname="org.akubraproject.qsc.QuiescingBlobStoreTCKTest$QuiescingBlobStoreTestSuite"/>
  <testcase name="testSetQuiescent" time="0.597" classname="org.akubraproject.qsc.QuiescingBlobStoreTCKTest$QuiescingBlobStoreTestSuite"/>
  <testcase name="testCanonicalId" time="0.000" classname="org.akubraproject.qsc.QuiescingBlobStoreTCKTest$QuiescingBlobStoreTestSuite"/>
  <testcase name="testOpenConnectionNoTransaction" time="0.000" classname="org.akubraproject.qsc.QuiescingBlobStoreTCKTest$QuiescingBlobStoreTestSuite"/>
  <testcase name="testBasicCommit" time="0.283" classname="org.akubraproject.qsc.QuiescingBlobStoreTCKTest$QuiescingBlobStoreTestSuite"/>
  <testcase name="testCleanup" time="0.001" classname="org.akubraproject.qsc.QuiescingBlobStoreTCKTest$QuiescingBlobStoreTestSuite"/>
  <testcase name="testBlobUpdate" time="0.038" classname="org.akubraproject.qsc.QuiescingBlobStoreTCKTest$QuiescingBlobStoreTestSuite"/>
  <testcase name="testBlobUpdate" time="0.006" classname="org.akubraproject.qsc.QuiescingBlobStoreTCKTest$QuiescingBlobStoreTestSuite"/>
  <testcase name="testSetQuiescent" time="0.436" classname="org.akubraproject.qsc.QuiescingBlobStoreTCKTest$QuiescingBlobStoreTestSuite"/>
  <testcase name="testCanonicalId" time="0.004" classname="org.akubraproject.qsc.QuiescingBlobStoreTCKTest$QuiescingBlobStoreTestSuite"/>
  <testcase name="testBasicRollback" time="0.000" classname="org.akubraproject.qsc.QuiescingBlobStoreTCKTest$QuiescingBlobStoreTestSuite"/>
  <testcase name="testNonExistentBlob" time="0.015" classname="org.akubraproject.qsc.QuiescingBlobStoreTCKTest$QuiescingBlobStoreTestSuite"/>
  <testcase name="testOutputStream" time="0.215" classname="org.akubraproject.qsc.QuiescingBlobStoreTCKTest$QuiescingBlobStoreTestSuite"/>
  <testcase name="testMoveTo" time="0.006" classname="org.akubraproject.qsc.QuiescingBlobStoreTCKTest$QuiescingBlobStoreTestSuite"/>
  <testcase name="testInit" time="0.000" classname="org.akubraproject.qsc.QuiescingBlobStoreTCKTest$QuiescingBlobStoreTestSuite"/>
  <testcase name="testOpenConnectionWithTransaction" time="0.004" classname="org.akubraproject.qsc.QuiescingBlobStoreTCKTest$QuiescingBlobStoreTestSuite"/>
  <testcase name="testDelete" time="0.031" classname="org.akubraproject.qsc.QuiescingBlobStoreTCKTest$QuiescingBlobStoreTestSuite"/>
  <testcase name="testOpenConnectionWithTransaction" time="0.015" classname="org.akubraproject.qsc.QuiescingBlobStoreTCKTest$QuiescingBlobStoreTestSuite"/>
  <testcase name="testIdGeneration" time="0.004" classname="org.akubraproject.qsc.QuiescingBlobStoreTCKTest$QuiescingBlobStoreTestSuite"/>
  <testcase name="testCloseConnection" time="0.082" classname="org.akubraproject.qsc.QuiescingBlobStoreTCKTest$QuiescingBlobStoreTestSuite"/>
</testsuite> <!-- org.akubraproject.qsc.QuiescingBlobStoreTCKTest$QuiescingBlobStoreTestSuite -->
