<?xml version="1.0" encoding="UTF-8"?>
<!-- Generated by org.testng.reporters.JUnitReportReporter -->
<testsuite hostname="entropy.local" name="org.akubraproject.qsc.TestQuiescingStreamManager" tests="8" failures="0" timestamp="3 Mar 2012 15:54:07 GMT" time="0.615" errors="0">
  <testcase name="testGoUnquiescentInterrupted" time="0.102" classname="org.akubraproject.qsc.TestQuiescingStreamManager"/>
  <testcase name="testSetQuiescentWhileInactive" time="0.001" classname="org.akubraproject.qsc.TestQuiescingStreamManager"/>
  <testcase name="testInitialState" time="0.000" classname="org.akubraproject.qsc.TestQuiescingStreamManager"/>
  <testcase name="testGoQuiescentOpenStreamInterrupted" time="0.102" classname="org.akubraproject.qsc.TestQuiescingStreamManager"/>
  <testcase name="testGoQuiescentOpenStreamBlocking" time="0.103" classname="org.akubraproject.qsc.TestQuiescingStreamManager"/>
  <testcase name="testGoQuiescentStateLockBlocking" time="0.102" classname="org.akubraproject.qsc.TestQuiescingStreamManager"/>
  <testcase name="testGoUnquiescentBlocking" time="0.102" classname="org.akubraproject.qsc.TestQuiescingStreamManager"/>
  <testcase name="testGoQuiescentStateLockInterrupted" time="0.103" classname="org.akubraproject.qsc.TestQuiescingStreamManager"/>
</testsuite> <!-- org.akubraproject.qsc.TestQuiescingStreamManager -->
